{"meta": {"format": 3, "version": "7.10.7", "timestamp": "2026-01-12T07:36:19.458483", "branch_coverage": true, "show_contexts": false}, "files": {"src/frame_py/__init__.py": {"executed_lines": [1, 18, 31, 42, 53, 59, 65, 77, 89, 91], "summary": {"covered_lines": 9, "num_statements": 9, "percent_covered": 100.0, "percent_covered_display": "100.00", "missing_lines": 0, "excluded_lines": 0, "num_branches": 0, "num_partial_branches": 0, "covered_branches": 0, "missing_branches": 0}, "missing_lines": [], "excluded_lines": [], "executed_branches": [], "missing_branches": [], "functions": {"": {"executed_lines": [1, 18, 31, 42, 53, 59, 65, 77, 89, 91], "summary": {"covered_lines": 9, "num_statements": 9, "percent_covered": 100.0, "percent_covered_display": "100.00", "missing_lines": 0, "excluded_lines": 0, "num_branches": 0, "num_partial_branches": 0, "covered_branches": 0, "missing_branches": 0}, "missing_lines": [], "excluded_lines": [], "executed_branches": [], "missing_branches": []}}, "classes": {"": {"executed_lines": [1, 18, 31, 42, 53, 59, 65, 77, 89, 91], "summary": {"covered_lines": 9, "num_statements": 9, "percent_covered": 100.0, "percent_covered_display": "100.00", "missing_lines": 0, "excluded_lines": 0, "num_branches": 0, "num_partial_branches": 0, "covered_branches": 0, "missing_branches": 0}, "missing_lines": [], "excluded_lines": [], "executed_branches": [], "missing_branches": []}}}, "src/frame_py/assembly_validator.py": {"executed_lines": [1, 16, 17, 18, 21, 22, 23, 26, 27, 28, 31, 32, 33, 36, 37, 38, 41, 49, 104, 134, 213, 255, 287, 493, 502, 539, 582], "summary": {"covered_lines": 21, "num_statements": 300, "percent_covered": 5.0, "percent_covered_display": "5.00", "missing_lines": 279, "excluded_lines": 2, "num_branches": 120, "num_partial_branches": 0, "covered_branches": 0, "missing_branches": 120}, "missing_lines": [43, 44, 45, 46, 64, 65, 66, 67, 68, 69, 70, 73, 74, 75, 79, 80, 82, 83, 84, 85, 88, 89, 91, 92, 93, 94, 95, 97, 98, 101, 118, 120, 121, 122, 123, 125, 126, 127, 131, 151, 154, 155, 156, 157, 158, 159, 160, 161, 163, 166, 167, 168, 169, 172, 173, 175, 178, 180, 181, 183, 185, 187, 189, 192, 193, 195, 198, 199, 200, 202, 203, 204, 205, 206, 210, 223, 224, 226, 227, 229, 230, 231, 233, 235, 236, 237, 240, 241, 242, 243, 247, 248, 249, 252, 265, 267, 268, 269, 270, 273, 274, 277, 278, 281, 282, 284, 306, 307, 309, 310, 311, 312, 313, 316, 317, 320, 321, 322, 325, 326, 329, 330, 332, 335, 336, 337, 338, 339, 340, 343, 344, 345, 346, 349, 350, 353, 354, 355, 356, 357, 360, 361, 362, 363, 364, 365, 366, 367, 370, 371, 373, 374, 375, 376, 378, 379, 380, 382, 383, 384, 387, 388, 390, 393, 394, 395, 396, 397, 398, 400, 403, 404, 405, 406, 408, 409, 410, 411, 414, 415, 416, 417, 418, 420, 422, 423, 425, 428, 429, 430, 432, 433, 436, 441, 444, 445, 446, 447, 449, 450, 451, 452, 453, 454, 456, 457, 458, 459, 460, 461, 463, 465, 468, 469, 470, 471, 472, 475, 476, 477, 478, 479, 480, 481, 482, 483, 484, 486, 487, 488, 490, 495, 497, 498, 499, 512, 513, 514, 515, 516, 517, 518, 519, 520, 523, 526, 527, 530, 532, 541, 543, 544, 545, 546, 547, 548, 550, 551, 553, 554, 555, 556, 558, 559, 561, 563, 564, 565, 566, 567, 569, 570, 572, 573, 574, 575, 576, 578, 579], "excluded_lines": [582, 583], "executed_branches": [], "missing_branches": [[44, 45], [44, 46], [74, 75], [74, 79], [82, 83], [82, 101], [84, 85], [84, 88], [88, 89], [88, 91], [120, 121], [120, 131], [125, 120], [125, 126], [126, 125], [126, 127], [155, 156], [155, 166], [158, 155], [158, 159], [160, 158], [160, 161], [167, 168], [167, 172], [172, 173], [172, 210], [175, 172], [175, 178], [180, 181], [180, 185], [187, 189], [187, 192], [192, 193], [192, 198], [202, 175], [202, 203], [205, 175], [205, 206], [226, 227], [226, 252], [229, 230], [229, 233], [235, 236], [235, 240], [236, 226], [236, 237], [240, 241], [240, 247], [242, 226], [242, 243], [247, 226], [247, 248], [248, 226], [248, 249], [321, 322], [321, 325], [325, 326], [325, 329], [329, 330], [329, 332], [336, 337], [336, 340], [355, 356], [355, 357], [363, 364], [363, 365], [365, 366], [365, 367], [373, 374], [373, 428], [387, 388], [387, 400], [394, 395], [394, 400], [404, 405], [404, 414], [406, 408], [406, 414], [409, 410], [409, 414], [415, 416], [415, 417], [417, 418], [417, 422], [418, 417], [418, 420], [422, 423], [422, 425], [428, 429], [428, 432], [445, 446], [445, 463], [449, 450], [449, 456], [456, 445], [456, 457], [468, 469], [468, 490], [479, 480], [479, 483], [481, 479], [481, 482], [497, 498], [497, 499], [526, 527], [526, 530], [543, 544], [543, 550], [553, 554], [553, 558], [555, 556], [555, 558], [563, 564], [563, 569], [565, 566], [565, 567], [569, 570], [569, 578], [572, -539], [572, 573]], "functions": {"_getTerminalIds": {"executed_lines": [], "summary": {"covered_lines": 0, "num_statements": 4, "percent_covered": 0.0, "percent_covered_display": "0.00", "missing_lines": 4, "excluded_lines": 0, "num_branches": 2, "num_partial_branches": 0, "covered_branches": 0, "missing_branches": 2}, "missing_lines": [43, 44, 45, 46], "excluded_lines": [], "executed_branches": [], "missing_branches": [[44, 45], [44, 46]]}, "loadAssembly": {"executed_lines": [], "summary": {"covered_lines": 0, "num_statements": 26, "percent_covered": 0.0, "percent_covered_display": "0.00", "missing_lines": 26, "excluded_lines": 0, "num_branches": 8, "num_partial_branches": 0, "covered_branches": 0, "missing_branches": 8}, "missing_lines": [64, 65, 66, 67, 68, 69, 70, 73, 74, 75, 79, 80, 82, 83, 84, 85, 88, 89, 91, 92, 93, 94, 95, 97, 98, 101], "excluded_lines": [], "executed_branches": [], "missing_branches": [[74, 75], [74, 79], [82, 83], [82, 101], [84, 85], [84, 88], [88, 89], [88, 91]]}, "validateTerminals": {"executed_lines": [], "summary": {"covered_lines": 0, "num_statements": 9, "percent_covered": 0.0, "percent_covered_display": "0.00", "missing_lines": 9, "excluded_lines": 0, "num_branches": 6, "num_partial_branches": 0, "covered_branches": 0, "missing_branches": 6}, "missing_lines": [118, 120, 121, 122, 123, 125, 126, 127, 131], "excluded_lines": [], "executed_branches": [], "missing_branches": [[120, 121], [120, 131], [125, 120], [125, 126], [126, 125], [126, 127]]}, "validateInterfaces": {"executed_lines": [], "summary": {"covered_lines": 0, "num_statements": 36, "percent_covered": 0.0, "percent_covered_display": "0.00", "missing_lines": 36, "excluded_lines": 0, "num_branches": 22, "num_partial_branches": 0, "covered_branches": 0, "missing_branches": 22}, "missing_lines": [151, 154, 155, 156, 157, 158, 159, 160, 161, 163, 166, 167, 168, 169, 172, 173, 175, 178, 180, 181, 183, 185, 187, 189, 192, 193, 195, 198, 199, 200, 202, 203, 204, 205, 206, 210], "excluded_lines": [], "executed_branches": [], "missing_branches": [[155, 156], [155, 166], [158, 155], [158, 159], [160, 158], [160, 161], [167, 168], [167, 172], [172, 173], [172, 210], [175, 172], [175, 178], [180, 181], [180, 185], [187, 189], [187, 192], [192, 193], [192, 198], [202, 175], [202, 203], [205, 175], [205, 206]]}, "validateInvariants": {"executed_lines": [], "summary": {"covered_lines": 0, "num_statements": 19, "percent_covered": 0.0, "percent_covered_display": "0.00", "missing_lines": 19, "excluded_lines": 0, "num_branches": 16, "num_partial_branches": 0, "covered_branches": 0, "missing_branches": 16}, "missing_lines": [223, 224, 226, 227, 229, 230, 231, 233, 235, 236, 237, 240, 241, 242, 243, 247, 248, 249, 252], "excluded_lines": [], "executed_branches": [], "missing_branches": [[226, 227], [226, 252], [229, 230], [229, 233], [235, 236], [235, 240], [236, 226], [236, 237], [240, 241], [240, 247], [242, 226], [242, 243], [247, 226], [247, 248], [248, 226], [248, 249]]}, "validateAssembly": {"executed_lines": [], "summary": {"covered_lines": 0, "num_statements": 12, "percent_covered": 0.0, "percent_covered_display": "0.00", "missing_lines": 12, "excluded_lines": 0, "num_branches": 0, "num_partial_branches": 0, "covered_branches": 0, "missing_branches": 0}, "missing_lines": [265, 267, 268, 269, 270, 273, 274, 277, 278, 281, 282, 284], "excluded_lines": [], "executed_branches": [], "missing_branches": []}, "generateAssemblyTla": {"executed_lines": [], "summary": {"covered_lines": 0, "num_statements": 125, "percent_covered": 0.0, "percent_covered_display": "0.00", "missing_lines": 125, "excluded_lines": 0, "num_branches": 48, "num_partial_branches": 0, "covered_branches": 0, "missing_branches": 48}, "missing_lines": [306, 307, 309, 310, 311, 312, 313, 316, 317, 320, 321, 322, 325, 326, 329, 330, 332, 335, 336, 337, 338, 339, 340, 343, 344, 345, 346, 349, 350, 353, 354, 355, 356, 357, 360, 361, 362, 363, 364, 365, 366, 367, 370, 371, 373, 374, 375, 376, 378, 379, 380, 382, 383, 384, 387, 388, 390, 393, 394, 395, 396, 397, 398, 400, 403, 404, 405, 406, 408, 409, 410, 411, 414, 415, 416, 417, 418, 420, 422, 423, 425, 428, 429, 430, 432, 433, 436, 441, 444, 445, 446, 447, 449, 450, 451, 452, 453, 454, 456, 457, 458, 459, 460, 461, 463, 465, 468, 469, 470, 471, 472, 475, 476, 477, 478, 479, 480, 481, 482, 483, 484, 486, 487, 488, 490], "excluded_lines": [], "executed_branches": [], "missing_branches": [[321, 322], [321, 325], [325, 326], [325, 329], [329, 330], [329, 332], [336, 337], [336, 340], [355, 356], [355, 357], [363, 364], [363, 365], [365, 366], [365, 367], [373, 374], [373, 428], [387, 388], [387, 400], [394, 395], [394, 400], [404, 405], [404, 414], [406, 408], [406, 414], [409, 410], [409, 414], [415, 416], [415, 417], [417, 418], [417, 422], [418, 417], [418, 420], [422, 423], [422, 425], [428, 429], [428, 432], [445, 446], [445, 463], [449, 450], [449, 456], [456, 445], [456, 457], [468, 469], [468, 490], [479, 480], [479, 483], [481, 479], [481, 482]]}, "_tlaIdent": {"executed_lines": [], "summary": {"covered_lines": 0, "num_statements": 4, "percent_covered": 0.0, "percent_covered_display": "0.00", "missing_lines": 4, "excluded_lines": 0, "num_branches": 2, "num_partial_branches": 0, "covered_branches": 0, "missing_branches": 2}, "missing_lines": [495, 497, 498, 499], "excluded_lines": [], "executed_branches": [], "missing_branches": [[497, 498], [497, 499]]}, "_exprToTla": {"executed_lines": [], "summary": {"covered_lines": 0, "num_statements": 14, "percent_covered": 0.0, "percent_covered_display": "0.00", "missing_lines": 14, "excluded_lines": 0, "num_branches": 2, "num_partial_branches": 0, "covered_branches": 0, "missing_branches": 2}, "missing_lines": [512, 513, 514, 515, 516, 517, 518, 519, 520, 523, 526, 527, 530, 532], "excluded_lines": [], "executed_branches": [], "missing_branches": [[526, 527], [526, 530]]}, "main": {"executed_lines": [], "summary": {"covered_lines": 0, "num_statements": 30, "percent_covered": 0.0, "percent_covered_display": "0.00", "missing_lines": 30, "excluded_lines": 0, "num_branches": 14, "num_partial_branches": 0, "covered_branches": 0, "missing_branches": 14}, "missing_lines": [541, 543, 544, 545, 546, 547, 548, 550, 551, 553, 554, 555, 556, 558, 559, 561, 563, 564, 565, 566, 567, 569, 570, 572, 573, 574, 575, 576, 578, 579], "excluded_lines": [], "executed_branches": [], "missing_branches": [[543, 544], [543, 550], [553, 554], [553, 558], [555, 556], [555, 558], [563, 564], [563, 569], [565, 566], [565, 567], [569, 570], [569, 578], [572, -539], [572, 573]]}, "": {"executed_lines": [1, 16, 17, 18, 21, 22, 23, 26, 27, 28, 31, 32, 33, 36, 37, 38, 41, 49, 104, 134, 213, 255, 287, 493, 502, 539, 582], "summary": {"covered_lines": 21, "num_statements": 21, "percent_covered": 100.0, "percent_covered_display": "100.00", "missing_lines": 0, "excluded_lines": 2, "num_branches": 0, "num_partial_branches": 0, "covered_branches": 0, "missing_branches": 0}, "missing_lines": [], "excluded_lines": [582, 583], "executed_branches": [], "missing_branches": []}}, "classes": {"AssemblyValidationError": {"executed_lines": [], "summary": {"covered_lines": 0, "num_statements": 0, "percent_covered": 100.0, "percent_covered_display": "100.00", "missing_lines": 0, "excluded_lines": 0, "num_branches": 0, "num_partial_branches": 0, "covered_branches": 0, "missing_branches": 0}, "missing_lines": [], "excluded_lines": [], "executed_branches": [], "missing_branches": []}, "ComponentLoadError": {"executed_lines": [], "summary": {"covered_lines": 0, "num_statements": 0, "percent_covered": 100.0, "percent_covered_display": "100.00", "missing_lines": 0, "excluded_lines": 0, "num_branches": 0, "num_partial_branches": 0, "covered_branches": 0, "missing_branches": 0}, "missing_lines": [], "excluded_lines": [], "executed_branches": [], "missing_branches": []}, "InterfaceCompatibilityError": {"executed_lines": [], "summary": {"covered_lines": 0, "num_statements": 0, "percent_covered": 100.0, "percent_covered_display": "100.00", "missing_lines": 0, "excluded_lines": 0, "num_branches": 0, "num_partial_branches": 0, "covered_branches": 0, "missing_branches": 0}, "missing_lines": [], "excluded_lines": [], "executed_branches": [], "missing_branches": []}, "MissingTerminalError": {"executed_lines": [], "summary": {"covered_lines": 0, "num_statements": 0, "percent_covered": 100.0, "percent_covered_display": "100.00", "missing_lines": 0, "excluded_lines": 0, "num_branches": 0, "num_partial_branches": 0, "covered_branches": 0, "missing_branches": 0}, "missing_lines": [], "excluded_lines": [], "executed_branches": [], "missing_branches": []}, "": {"executed_lines": [1, 16, 17, 18, 21, 22, 23, 26, 27, 28, 31, 32, 33, 36, 37, 38, 41, 49, 104, 134, 213, 255, 287, 493, 502, 539, 582], "summary": {"covered_lines": 21, "num_statements": 300, "percent_covered": 5.0, "percent_covered_display": "5.00", "missing_lines": 279, "excluded_lines": 2, "num_branches": 120, "num_partial_branches": 0, "covered_branches": 0, "missing_branches": 120}, "missing_lines": [43, 44, 45, 46, 64, 65, 66, 67, 68, 69, 70, 73, 74, 75, 79, 80, 82, 83, 84, 85, 88, 89, 91, 92, 93, 94, 95, 97, 98, 101, 118, 120, 121, 122, 123, 125, 126, 127, 131, 151, 154, 155, 156, 157, 158, 159, 160, 161, 163, 166, 167, 168, 169, 172, 173, 175, 178, 180, 181, 183, 185, 187, 189, 192, 193, 195, 198, 199, 200, 202, 203, 204, 205, 206, 210, 223, 224, 226, 227, 229, 230, 231, 233, 235, 236, 237, 240, 241, 242, 243, 247, 248, 249, 252, 265, 267, 268, 269, 270, 273, 274, 277, 278, 281, 282, 284, 306, 307, 309, 310, 311, 312, 313, 316, 317, 320, 321, 322, 325, 326, 329, 330, 332, 335, 336, 337, 338, 339, 340, 343, 344, 345, 346, 349, 350, 353, 354, 355, 356, 357, 360, 361, 362, 363, 364, 365, 366, 367, 370, 371, 373, 374, 375, 376, 378, 379, 380, 382, 383, 384, 387, 388, 390, 393, 394, 395, 396, 397, 398, 400, 403, 404, 405, 406, 408, 409, 410, 411, 414, 415, 416, 417, 418, 420, 422, 423, 425, 428, 429, 430, 432, 433, 436, 441, 444, 445, 446, 447, 449, 450, 451, 452, 453, 454, 456, 457, 458, 459, 460, 461, 463, 465, 468, 469, 470, 471, 472, 475, 476, 477, 478, 479, 480, 481, 482, 483, 484, 486, 487, 488, 490, 495, 497, 498, 499, 512, 513, 514, 515, 516, 517, 518, 519, 520, 523, 526, 527, 530, 532, 541, 543, 544, 545, 546, 547, 548, 550, 551, 553, 554, 555, 556, 558, 559, 561, 563, 564, 565, 566, 567, 569, 570, 572, 573, 574, 575, 576, 578, 579], "excluded_lines": [582, 583], "executed_branches": [], "missing_branches": [[44, 45], [44, 46], [74, 75], [74, 79], [82, 83], [82, 101], [84, 85], [84, 88], [88, 89], [88, 91], [120, 121], [120, 131], [125, 120], [125, 126], [126, 125], [126, 127], [155, 156], [155, 166], [158, 155], [158, 159], [160, 158], [160, 161], [167, 168], [167, 172], [172, 173], [172, 210], [175, 172], [175, 178], [180, 181], [180, 185], [187, 189], [187, 192], [192, 193], [192, 198], [202, 175], [202, 203], [205, 175], [205, 206], [226, 227], [226, 252], [229, 230], [229, 233], [235, 236], [235, 240], [236, 226], [236, 237], [240, 241], [240, 247], [242, 226], [242, 243], [247, 226], [247, 248], [248, 226], [248, 249], [321, 322], [321, 325], [325, 326], [325, 329], [329, 330], [329, 332], [336, 337], [336, 340], [355, 356], [355, 357], [363, 364], [363, 365], [365, 366], [365, 367], [373, 374], [373, 428], [387, 388], [387, 400], [394, 395], [394, 400], [404, 405], [404, 414], [406, 408], [406, 414], [409, 410], [409, 414], [415, 416], [415, 417], [417, 418], [417, 422], [418, 417], [418, 420], [422, 423], [422, 425], [428, 429], [428, 432], [445, 446], [445, 463], [449, 450], [449, 456], [456, 445], [456, 457], [468, 469], [468, 490], [479, 480], [479, 483], [481, 479], [481, 482], [497, 498], [497, 499], [526, 527], [526, 530], [543, 544], [543, 550], [553, 554], [553, 558], [555, 556], [555, 558], [563, 564], [563, 569], [565, 566], [565, 567], [569, 570], [569, 578], [572, -539], [572, 573]]}}}, "src/frame_py/compiler.py": {"executed_lines": [1, 27, 28, 29, 31, 34, 35, 36, 37, 38, 39, 40, 41, 42, 43, 46, 133, 175, 620], "summary": {"covered_lines": 16, "num_statements": 427, "percent_covered": 3.4557235421166306, "percent_covered_display": "3.46", "missing_lines": 411, "excluded_lines": 16, "num_branches": 36, "num_partial_branches": 0, "covered_branches": 0, "missing_branches": 36}, "missing_lines": [66, 71, 73, 74, 75, 76, 77, 78, 79, 80, 81, 86, 88, 89, 90, 91, 96, 98, 99, 100, 101, 106, 107, 108, 109, 110, 111, 112, 117, 118, 119, 120, 121, 122, 123, 128, 130, 149, 151, 152, 153, 154, 156, 158, 159, 160, 161, 163, 164, 165, 166, 167, 168, 169, 171, 172, 178, 180, 183, 184, 185, 186, 187, 188, 189, 190, 191, 194, 195, 196, 197, 198, 199, 200, 201, 202, 205, 206, 207, 208, 209, 210, 211, 212, 214, 215, 216, 218, 219, 220, 223, 224, 225, 226, 227, 228, 229, 232, 233, 234, 235, 236, 237, 240, 241, 242, 243, 244, 245, 248, 249, 250, 251, 252, 253, 254, 255, 256, 257, 259, 260, 262, 263, 264, 265, 267, 268, 269, 272, 273, 274, 275, 276, 277, 278, 279, 280, 281, 282, 283, 284, 287, 288, 289, 290, 291, 292, 293, 294, 295, 296, 297, 298, 299, 300, 301, 302, 303, 304, 307, 308, 309, 310, 313, 314, 315, 316, 317, 320, 321, 322, 323, 325, 326, 327, 328, 329, 330, 331, 332, 333, 334, 335, 336, 337, 338, 339, 340, 341, 342, 345, 347, 348, 349, 350, 351, 352, 353, 354, 355, 356, 357, 358, 359, 360, 361, 362, 364, 365, 366, 367, 369, 370, 371, 372, 373, 374, 375, 376, 377, 378, 379, 380, 381, 382, 383, 384, 385, 386, 387, 388, 389, 390, 392, 393, 394, 395, 396, 397, 398, 399, 400, 401, 402, 403, 404, 405, 408, 409, 410, 413, 416, 417, 418, 419, 420, 421, 422, 423, 424, 425, 428, 429, 430, 432, 433, 436, 437, 438, 441, 442, 445, 446, 447, 449, 452, 453, 454, 455, 458, 459, 460, 461, 464, 465, 466, 468, 471, 472, 474, 475, 476, 477, 478, 480, 481, 482, 483, 484, 485, 486, 487, 488, 489, 492, 493, 494, 495, 496, 499, 500, 501, 502, 503, 504, 505, 506, 507, 508, 509, 510, 511, 512, 513, 515, 516, 517, 518, 519, 520, 521, 522, 523, 524, 525, 526, 527, 528, 529, 530, 531, 532, 533, 534, 535, 536, 537, 538, 539, 542, 543, 544, 545, 546, 547, 548, 549, 550, 551, 552, 553, 554, 555, 556, 557, 559, 560, 561, 562, 563, 564, 565, 566, 567, 568, 569, 570, 572, 575, 576, 577, 578, 579, 580, 581, 582, 583, 584, 585, 586, 587, 588, 589, 590, 591, 592, 594, 595, 596, 599, 601, 603, 604, 605, 608, 610, 611, 612, 613, 614, 616], "excluded_lines": [609, 620, 621, 623, 624, 626, 628, 629, 631, 633, 634, 635, 637, 638, 639, 640], "executed_branches": [], "missing_branches": [[106, 107], [106, 117], [117, 118], [117, 128], [163, 164], [163, 171], [186, 187], [186, 188], [215, 216], [215, 218], [224, 225], [224, 228], [233, 234], [233, 236], [242, 243], [242, 244], [249, 250], [249, 268], [252, 253], [252, 254], [254, 255], [254, 256], [256, 257], [256, 259], [259, 260], [259, 262], [262, 263], [262, 264], [264, 265], [264, 267], [273, 274], [273, 282], [316, 317], [316, 320], [321, 322], [321, 323]], "functions": {"compile_blueprint": {"executed_lines": [], "summary": {"covered_lines": 0, "num_statements": 37, "percent_covered": 0.0, "percent_covered_display": "0.00", "missing_lines": 37, "excluded_lines": 0, "num_branches": 4, "num_partial_branches": 0, "covered_branches": 0, "missing_branches": 4}, "missing_lines": [66, 71, 73, 74, 75, 76, 77, 78, 79, 80, 81, 86, 88, 89, 90, 91, 96, 98, 99, 100, 101, 106, 107, 108, 109, 110, 111, 112, 117, 118, 119, 120, 121, 122, 123, 128, 130], "excluded_lines": [], "executed_branches": [], "missing_branches": [[106, 107], [106, 117], [117, 118], [117, 128]]}, "compile_blueprint_dict": {"executed_lines": [], "summary": {"covered_lines": 0, "num_statements": 19, "percent_covered": 0.0, "percent_covered_display": "0.00", "missing_lines": 19, "excluded_lines": 0, "num_branches": 2, "num_partial_branches": 0, "covered_branches": 0, "missing_branches": 2}, "missing_lines": [149, 151, 152, 153, 154, 156, 158, 159, 160, 161, 163, 164, 165, 166, 167, 168, 169, 171, 172], "excluded_lines": [], "executed_branches": [], "missing_branches": [[163, 164], [163, 171]]}, "_generate_code": {"executed_lines": [], "summary": {"covered_lines": 0, "num_statements": 355, "percent_covered": 0.0, "percent_covered_display": "0.00", "missing_lines": 355, "excluded_lines": 1, "num_branches": 30, "num_partial_branches": 0, "covered_branches": 0, "missing_branches": 30}, "missing_lines": [178, 180, 183, 184, 185, 186, 187, 188, 189, 190, 191, 194, 195, 196, 197, 198, 199, 200, 201, 202, 205, 206, 207, 208, 209, 210, 211, 212, 214, 215, 216, 218, 219, 220, 223, 224, 225, 226, 227, 228, 229, 232, 233, 234, 235, 236, 237, 240, 241, 242, 243, 244, 245, 248, 249, 250, 251, 252, 253, 254, 255, 256, 257, 259, 260, 262, 263, 264, 265, 267, 268, 269, 272, 273, 274, 275, 276, 277, 278, 279, 280, 281, 282, 283, 284, 287, 288, 289, 290, 291, 292, 293, 294, 295, 296, 297, 298, 299, 300, 301, 302, 303, 304, 307, 308, 309, 310, 313, 314, 315, 316, 317, 320, 321, 322, 323, 325, 326, 327, 328, 329, 330, 331, 332, 333, 334, 335, 336, 337, 338, 339, 340, 341, 342, 345, 347, 348, 349, 350, 351, 352, 353, 354, 355, 356, 357, 358, 359, 360, 361, 362, 364, 365, 366, 367, 369, 370, 371, 372, 373, 374, 375, 376, 377, 378, 379, 380, 381, 382, 383, 384, 385, 386, 387, 388, 389, 390, 392, 393, 394, 395, 396, 397, 398, 399, 400, 401, 402, 403, 404, 405, 408, 409, 410, 413, 416, 417, 418, 419, 420, 421, 422, 423, 424, 425, 428, 429, 430, 432, 433, 436, 437, 438, 441, 442, 445, 446, 447, 449, 452, 453, 454, 455, 458, 459, 460, 461, 464, 465, 466, 468, 471, 472, 474, 475, 476, 477, 478, 480, 481, 482, 483, 484, 485, 486, 487, 488, 489, 492, 493, 494, 495, 496, 499, 500, 501, 502, 503, 504, 505, 506, 507, 508, 509, 510, 511, 512, 513, 515, 516, 517, 518, 519, 520, 521, 522, 523, 524, 525, 526, 527, 528, 529, 530, 531, 532, 533, 534, 535, 536, 537, 538, 539, 542, 543, 544, 545, 546, 547, 548, 549, 550, 551, 552, 553, 554, 555, 556, 557, 559, 560, 561, 562, 563, 564, 565, 566, 567, 568, 569, 570, 572, 575, 576, 577, 578, 579, 580, 581, 582, 583, 584, 585, 586, 587, 588, 589, 590, 591, 592, 594, 595, 596, 599, 601, 603, 604, 605, 608, 610, 611, 612, 613, 614, 616], "excluded_lines": [609], "executed_branches": [], "missing_branches": [[186, 187], [186, 188], [215, 216], [215, 218], [224, 225], [224, 228], [233, 234], [233, 236], [242, 243], [242, 244], [249, 250], [249, 268], [252, 253], [252, 254], [254, 255], [254, 256], [256, 257], [256, 259], [259, 260], [259, 262], [262, 263], [262, 264], [264, 265], [264, 267], [273, 274], [273, 282], [316, 317], [316, 320], [321, 322], [321, 323]]}, "": {"executed_lines": [1, 27, 28, 29, 31, 34, 35, 36, 37, 38, 39, 40, 41, 42, 43, 46, 133, 175, 620], "summary": {"covered_lines": 16, "num_statements": 16, "percent_covered": 100.0, "percent_covered_display": "100.00", "missing_lines": 0, "excluded_lines": 15, "num_branches": 0, "num_partial_branches": 0, "covered_branches": 0, "missing_branches": 0}, "missing_lines": [], "excluded_lines": [620, 621, 623, 624, 626, 628, 629, 631, 633, 634, 635, 637, 638, 639, 640], "executed_branches": [], "missing_branches": []}}, "classes": {"CompilerState": {"executed_lines": [], "summary": {"covered_lines": 0, "num_statements": 0, "percent_covered": 100.0, "percent_covered_display": "100.00", "missing_lines": 0, "excluded_lines": 0, "num_branches": 0, "num_partial_branches": 0, "covered_branches": 0, "missing_branches": 0}, "missing_lines": [], "excluded_lines": [], "executed_branches": [], "missing_branches": []}, "": {"executed_lines": [1, 27, 28, 29, 31, 34, 35, 36, 37, 38, 39, 40, 41, 42, 43, 46, 133, 175, 620], "summary": {"covered_lines": 16, "num_statements": 427, "percent_covered": 3.4557235421166306, "percent_covered_display": "3.46", "missing_lines": 411, "excluded_lines": 16, "num_branches": 36, "num_partial_branches": 0, "covered_branches": 0, "missing_branches": 36}, "missing_lines": [66, 71, 73, 74, 75, 76, 77, 78, 79, 80, 81, 86, 88, 89, 90, 91, 96, 98, 99, 100, 101, 106, 107, 108, 109, 110, 111, 112, 117, 118, 119, 120, 121, 122, 123, 128, 130, 149, 151, 152, 153, 154, 156, 158, 159, 160, 161, 163, 164, 165, 166, 167, 168, 169, 171, 172, 178, 180, 183, 184, 185, 186, 187, 188, 189, 190, 191, 194, 195, 196, 197, 198, 199, 200, 201, 202, 205, 206, 207, 208, 209, 210, 211, 212, 214, 215, 216, 218, 219, 220, 223, 224, 225, 226, 227, 228, 229, 232, 233, 234, 235, 236, 237, 240, 241, 242, 243, 244, 245, 248, 249, 250, 251, 252, 253, 254, 255, 256, 257, 259, 260, 262, 263, 264, 265, 267, 268, 269, 272, 273, 274, 275, 276, 277, 278, 279, 280, 281, 282, 283, 284, 287, 288, 289, 290, 291, 292, 293, 294, 295, 296, 297, 298, 299, 300, 301, 302, 303, 304, 307, 308, 309, 310, 313, 314, 315, 316, 317, 320, 321, 322, 323, 325, 326, 327, 328, 329, 330, 331, 332, 333, 334, 335, 336, 337, 338, 339, 340, 341, 342, 345, 347, 348, 349, 350, 351, 352, 353, 354, 355, 356, 357, 358, 359, 360, 361, 362, 364, 365, 366, 367, 369, 370, 371, 372, 373, 374, 375, 376, 377, 378, 379, 380, 381, 382, 383, 384, 385, 386, 387, 388, 389, 390, 392, 393, 394, 395, 396, 397, 398, 399, 400, 401, 402, 403, 404, 405, 408, 409, 410, 413, 416, 417, 418, 419, 420, 421, 422, 423, 424, 425, 428, 429, 430, 432, 433, 436, 437, 438, 441, 442, 445, 446, 447, 449, 452, 453, 454, 455, 458, 459, 460, 461, 464, 465, 466, 468, 471, 472, 474, 475, 476, 477, 478, 480, 481, 482, 483, 484, 485, 486, 487, 488, 489, 492, 493, 494, 495, 496, 499, 500, 501, 502, 503, 504, 505, 506, 507, 508, 509, 510, 511, 512, 513, 515, 516, 517, 518, 519, 520, 521, 522, 523, 524, 525, 526, 527, 528, 529, 530, 531, 532, 533, 534, 535, 536, 537, 538, 539, 542, 543, 544, 545, 546, 547, 548, 549, 550, 551, 552, 553, 554, 555, 556, 557, 559, 560, 561, 562, 563, 564, 565, 566, 567, 568, 569, 570, 572, 575, 576, 577, 578, 579, 580, 581, 582, 583, 584, 585, 586, 587, 588, 589, 590, 591, 592, 594, 595, 596, 599, 601, 603, 604, 605, 608, 610, 611, 612, 613, 614, 616], "excluded_lines": [609, 620, 621, 623, 624, 626, 628, 629, 631, 633, 634, 635, 637, 638, 639, 640], "executed_branches": [], "missing_branches": [[106, 107], [106, 117], [117, 118], [117, 128], [163, 164], [163, 171], [186, 187], [186, 188], [215, 216], [215, 218], [224, 225], [224, 228], [233, 234], [233, 236], [242, 243], [242, 244], [249, 250], [249, 268], [252, 253], [252, 254], [254, 255], [254, 256], [256, 257], [256, 259], [259, 260], [259, 262], [262, 263], [262, 264], [264, 265], [264, 267], [273, 274], [273, 282], [316, 317], [316, 320], [321, 322], [321, 323]]}}}, "src/frame_py/loader.py": {"executed_lines": [1, 23, 25, 26, 27, 28, 30, 42, 43, 44, 45, 46, 47, 48, 49, 52, 53, 55, 67, 68, 75, 80, 87, 88, 89, 90, 92, 93, 97, 98, 102, 104, 105, 108, 125, 128, 133, 135, 136, 137, 144, 146, 147, 167, 168, 170, 172, 173, 179, 181, 182, 183, 186, 187, 190, 192, 197, 200, 201, 208, 209, 220, 221, 224, 225, 232, 233, 240, 241, 248, 249, 256, 257, 258, 264, 271, 273, 275, 276, 286, 287, 288, 289, 304, 306, 308, 309, 310, 311, 320, 322, 324, 325, 326, 327, 335, 337, 339, 340, 341, 343, 360, 362, 364, 365, 375, 418, 440], "summary": {"covered_lines": 104, "num_statements": 160, "percent_covered": 62.05357142857143, "percent_covered_display": "62.05", "missing_lines": 56, "excluded_lines": 0, "num_branches": 64, "num_partial_branches": 15, "covered_branches": 35, "missing_branches": 29}, "missing_lines": [61, 62, 63, 64, 95, 100, 106, 129, 130, 138, 140, 141, 161, 163, 164, 174, 189, 194, 202, 211, 212, 213, 226, 234, 242, 250, 259, 260, 265, 266, 290, 391, 392, 395, 396, 397, 398, 399, 400, 401, 402, 403, 404, 405, 406, 407, 409, 411, 412, 414, 415, 432, 433, 434, 435, 437], "excluded_lines": [], "executed_branches": [[105, -102], [128, 133], [172, -170], [172, 173], [173, 172], [187, 190], [190, 192], [201, 208], [209, 220], [220, 221], [220, 256], [225, 232], [233, 240], [240, 241], [240, 248], [241, 240], [248, 220], [248, 249], [249, 248], [256, -179], [256, 257], [258, 264], [264, 256], [275, 276], [275, 286], [287, 288], [288, 289], [288, 304], [289, 288], [309, 310], [309, 320], [325, 326], [325, 335], [340, 341], [340, 360]], "missing_branches": [[105, 106], [128, 129], [173, 174], [187, 189], [190, 194], [201, 202], [209, 211], [211, 212], [211, 220], [212, 211], [212, 213], [225, 226], [233, 234], [241, 242], [249, 250], [258, 259], [259, 258], [259, 260], [264, 265], [265, 264], [265, 266], [287, 304], [289, 290], [395, 396], [395, 397], [397, 398], [397, 409], [411, 412], [411, 414]], "functions": {"BlueprintValidationError.__init__": {"executed_lines": [], "summary": {"covered_lines": 0, "num_statements": 4, "percent_covered": 0.0, "percent_covered_display": "0.00", "missing_lines": 4, "excluded_lines": 0, "num_branches": 0, "num_partial_branches": 0, "covered_branches": 0, "missing_branches": 0}, "missing_lines": [61, 62, 63, 64], "excluded_lines": [], "executed_branches": [], "missing_branches": []}, "BlueprintLoader.__init__": {"executed_lines": [87, 88, 89, 90], "summary": {"covered_lines": 4, "num_statements": 4, "percent_covered": 100.0, "percent_covered_display": "100.00", "missing_lines": 0, "excluded_lines": 0, "num_branches": 0, "num_partial_branches": 0, "covered_branches": 0, "missing_branches": 0}, "missing_lines": [], "excluded_lines": [], "executed_branches": [], "missing_branches": []}, "BlueprintLoader.state": {"executed_lines": [], "summary": {"covered_lines": 0, "num_statements": 1, "percent_covered": 0.0, "percent_covered_display": "0.00", "missing_lines": 1, "excluded_lines": 0, "num_branches": 0, "num_partial_branches": 0, "covered_branches": 0, "missing_branches": 0}, "missing_lines": [95], "excluded_lines": [], "executed_branches": [], "missing_branches": []}, "BlueprintLoader.error": {"executed_lines": [], "summary": {"covered_lines": 0, "num_statements": 1, "percent_covered": 0.0, "percent_covered_display": "0.00", "missing_lines": 1, "excluded_lines": 0, "num_branches": 0, "num_partial_branches": 0, "covered_branches": 0, "missing_branches": 0}, "missing_lines": [100], "excluded_lines": [], "executed_branches": [], "missing_branches": []}, "BlueprintLoader._transition": {"executed_lines": [104, 105], "summary": {"covered_lines": 2, "num_statements": 3, "percent_covered": 60.0, "percent_covered_display": "60.00", "missing_lines": 1, "excluded_lines": 0, "num_branches": 2, "num_partial_branches": 1, "covered_branches": 1, "missing_branches": 1}, "missing_lines": [106], "excluded_lines": [], "executed_branches": [[105, -102]], "missing_branches": [[105, 106]]}, "BlueprintLoader.load": {"executed_lines": [125, 128, 133, 135, 136, 137, 144, 146, 147, 167, 168], "summary": {"covered_lines": 11, "num_statements": 19, "percent_covered": 57.142857142857146, "percent_covered_display": "57.14", "missing_lines": 8, "excluded_lines": 0, "num_branches": 2, "num_partial_branches": 1, "covered_branches": 1, "missing_branches": 1}, "missing_lines": [129, 130, 138, 140, 141, 161, 163, 164], "excluded_lines": [], "executed_branches": [[128, 133]], "missing_branches": [[128, 129]]}, "BlueprintLoader._validate_required_fields": {"executed_lines": [172, 173], "summary": {"covered_lines": 2, "num_statements": 3, "percent_covered": 71.42857142857143, "percent_covered_display": "71.43", "missing_lines": 1, "excluded_lines": 0, "num_branches": 4, "num_partial_branches": 1, "covered_branches": 3, "missing_branches": 1}, "missing_lines": [174], "excluded_lines": [], "executed_branches": [[172, -170], [172, 173], [173, 172]], "missing_branches": [[173, 174]]}, "BlueprintLoader._validate_references": {"executed_lines": [181, 182, 183, 186, 187, 190, 192, 197, 200, 201, 208, 209, 220, 221, 224, 225, 232, 233, 240, 241, 248, 249, 256, 257, 258, 264], "summary": {"covered_lines": 26, "num_statements": 40, "percent_covered": 57.89473684210526, "percent_covered_display": "57.89", "missing_lines": 14, "excluded_lines": 0, "num_branches": 36, "num_partial_branches": 10, "covered_branches": 18, "missing_branches": 18}, "missing_lines": [189, 194, 202, 211, 212, 213, 226, 234, 242, 250, 259, 260, 265, 266], "excluded_lines": [], "executed_branches": [[187, 190], [190, 192], [201, 208], [209, 220], [220, 221], [220, 256], [225, 232], [233, 240], [240, 241], [240, 248], [241, 240], [248, 220], [248, 249], [249, 248], [256, -179], [256, 257], [258, 264], [264, 256]], "missing_branches": [[187, 189], [190, 194], [201, 202], [209, 211], [211, 212], [211, 220], [212, 211], [212, 213], [225, 226], [233, 234], [241, 242], [249, 250], [258, 259], [259, 258], [259, 260], [264, 265], [265, 264], [265, 266]]}, "BlueprintLoader._load_states": {"executed_lines": [273, 275, 276, 286, 287, 288, 289, 304], "summary": {"covered_lines": 8, "num_statements": 9, "percent_covered": 82.3529411764706, "percent_covered_display": "82.35", "missing_lines": 1, "excluded_lines": 0, "num_branches": 8, "num_partial_branches": 2, "covered_branches": 6, "missing_branches": 2}, "missing_lines": [290], "excluded_lines": [], "executed_branches": [[275, 276], [275, 286], [287, 288], [288, 289], [288, 304], [289, 288]], "missing_branches": [[287, 304], [289, 290]]}, "BlueprintLoader._load_transitions": {"executed_lines": [308, 309, 310, 311, 320], "summary": {"covered_lines": 5, "num_statements": 5, "percent_covered": 100.0, "percent_covered_display": "100.00", "missing_lines": 0, "excluded_lines": 0, "num_branches": 2, "num_partial_branches": 0, "covered_branches": 2, "missing_branches": 0}, "missing_lines": [], "excluded_lines": [], "executed_branches": [[309, 310], [309, 320]], "missing_branches": []}, "BlueprintLoader._load_gates": {"executed_lines": [324, 325, 326, 327, 335], "summary": {"covered_lines": 5, "num_statements": 5, "percent_covered": 100.0, "percent_covered_display": "100.00", "missing_lines": 0, "excluded_lines": 0, "num_branches": 2, "num_partial_branches": 0, "covered_branches": 2, "missing_branches": 0}, "missing_lines": [], "excluded_lines": [], "executed_branches": [[325, 326], [325, 335]], "missing_branches": []}, "BlueprintLoader._load_actions": {"executed_lines": [339, 340, 341, 343, 360], "summary": {"covered_lines": 5, "num_statements": 5, "percent_covered": 100.0, "percent_covered_display": "100.00", "missing_lines": 0, "excluded_lines": 0, "num_branches": 2, "num_partial_branches": 0, "covered_branches": 2, "missing_branches": 0}, "missing_lines": [], "excluded_lines": [], "executed_branches": [[340, 341], [340, 360]], "missing_branches": []}, "BlueprintLoader._load_context_schema": {"executed_lines": [364, 365], "summary": {"covered_lines": 2, "num_statements": 2, "percent_covered": 100.0, "percent_covered_display": "100.00", "missing_lines": 0, "excluded_lines": 0, "num_branches": 0, "num_partial_branches": 0, "covered_branches": 0, "missing_branches": 0}, "missing_lines": [], "excluded_lines": [], "executed_branches": [], "missing_branches": []}, "load_blueprint": {"executed_lines": [], "summary": {"covered_lines": 0, "num_statements": 20, "percent_covered": 0.0, "percent_covered_display": "0.00", "missing_lines": 20, "excluded_lines": 0, "num_branches": 6, "num_partial_branches": 0, "covered_branches": 0, "missing_branches": 6}, "missing_lines": [391, 392, 395, 396, 397, 398, 399, 400, 401, 402, 403, 404, 405, 406, 407, 409, 411, 412, 414, 415], "excluded_lines": [], "executed_branches": [], "missing_branches": [[395, 396], [395, 397], [397, 398], [397, 409], [411, 412], [411, 414]]}, "load_blueprint_from_json": {"executed_lines": [], "summary": {"covered_lines": 0, "num_statements": 5, "percent_covered": 0.0, "percent_covered_display": "0.00", "missing_lines": 5, "excluded_lines": 0, "num_branches": 0, "num_partial_branches": 0, "covered_branches": 0, "missing_branches": 0}, "missing_lines": [432, 433, 434, 435, 437], "excluded_lines": [], "executed_branches": [], "missing_branches": []}, "": {"executed_lines": [1, 23, 25, 26, 27, 28, 30, 42, 43, 44, 45, 46, 47, 48, 49, 52, 53, 55, 67, 68, 75, 80, 92, 93, 97, 98, 102, 108, 170, 179, 271, 306, 322, 337, 362, 375, 418, 440], "summary": {"covered_lines": 34, "num_statements": 34, "percent_covered": 100.0, "percent_covered_display": "100.00", "missing_lines": 0, "excluded_lines": 0, "num_branches": 0, "num_partial_branches": 0, "covered_branches": 0, "missing_branches": 0}, "missing_lines": [], "excluded_lines": [], "executed_branches": [], "missing_branches": []}}, "classes": {"LoaderState": {"executed_lines": [], "summary": {"covered_lines": 0, "num_statements": 0, "percent_covered": 100.0, "percent_covered_display": "100.00", "missing_lines": 0, "excluded_lines": 0, "num_branches": 0, "num_partial_branches": 0, "covered_branches": 0, "missing_branches": 0}, "missing_lines": [], "excluded_lines": [], "executed_branches": [], "missing_branches": []}, "BlueprintValidationError": {"executed_lines": [], "summary": {"covered_lines": 0, "num_statements": 4, "percent_covered": 0.0, "percent_covered_display": "0.00", "missing_lines": 4, "excluded_lines": 0, "num_branches": 0, "num_partial_branches": 0, "covered_branches": 0, "missing_branches": 0}, "missing_lines": [61, 62, 63, 64], "excluded_lines": [], "executed_branches": [], "missing_branches": []}, "BlueprintLoader": {"executed_lines": [87, 88, 89, 90, 104, 105, 125, 128, 133, 135, 136, 137, 144, 146, 147, 167, 168, 172, 173, 181, 182, 183, 186, 187, 190, 192, 197, 200, 201, 208, 209, 220, 221, 224, 225, 232, 233, 240, 241, 248, 249, 256, 257, 258, 264, 273, 275, 276, 286, 287, 288, 289, 304, 308, 309, 310, 311, 320, 324, 325, 326, 327, 335, 339, 340, 341, 343, 360, 364, 365], "summary": {"covered_lines": 70, "num_statements": 97, "percent_covered": 67.74193548387096, "percent_covered_display": "67.74", "missing_lines": 27, "excluded_lines": 0, "num_branches": 58, "num_partial_branches": 15, "covered_branches": 35, "missing_branches": 23}, "missing_lines": [95, 100, 106, 129, 130, 138, 140, 141, 161, 163, 164, 174, 189, 194, 202, 211, 212, 213, 226, 234, 242, 250, 259, 260, 265, 266, 290], "excluded_lines": [], "executed_branches": [[105, -102], [128, 133], [172, -170], [172, 173], [173, 172], [187, 190], [190, 192], [201, 208], [209, 220], [220, 221], [220, 256], [225, 232], [233, 240], [240, 241], [240, 248], [241, 240], [248, 220], [248, 249], [249, 248], [256, -179], [256, 257], [258, 264], [264, 256], [275, 276], [275, 286], [287, 288], [288, 289], [288, 304], [289, 288], [309, 310], [309, 320], [325, 326], [325, 335], [340, 341], [340, 360]], "missing_branches": [[105, 106], [128, 129], [173, 174], [187, 189], [190, 194], [201, 202], [209, 211], [211, 212], [211, 220], [212, 211], [212, 213], [225, 226], [233, 234], [241, 242], [249, 250], [258, 259], [259, 258], [259, 260], [264, 265], [265, 264], [265, 266], [287, 304], [289, 290]]}, "": {"executed_lines": [1, 23, 25, 26, 27, 28, 30, 42, 43, 44, 45, 46, 47, 48, 49, 52, 53, 55, 67, 68, 75, 80, 92, 93, 97, 98, 102, 108, 170, 179, 271, 306, 322, 337, 362, 375, 418, 440], "summary": {"covered_lines": 34, "num_statements": 59, "percent_covered": 52.30769230769231, "percent_covered_display": "52.31", "missing_lines": 25, "excluded_lines": 0, "num_branches": 6, "num_partial_branches": 0, "covered_branches": 0, "missing_branches": 6}, "missing_lines": [391, 392, 395, 396, 397, 398, 399, 400, 401, 402, 403, 404, 405, 406, 407, 409, 411, 412, 414, 415, 432, 433, 434, 435, 437], "excluded_lines": [], "executed_branches": [], "missing_branches": [[395, 396], [395, 397], [397, 398], [397, 409], [411, 412], [411, 414]]}}}, "src/frame_py/lpp_core.py": {"executed_lines": [1, 25, 26, 30, 33, 34, 35, 38, 39, 40, 43, 44, 45, 48, 49, 50, 53, 54, 55, 59, 60, 61, 62, 63, 64, 71, 121, 177, 241, 316], "summary": {"covered_lines": 23, "num_statements": 78, "percent_covered": 23.0, "percent_covered_display": "23.00", "missing_lines": 55, "excluded_lines": 0, "num_branches": 22, "num_partial_branches": 0, "covered_branches": 0, "missing_branches": 22}, "missing_lines": [104, 105, 107, 108, 109, 110, 111, 112, 113, 114, 149, 152, 153, 154, 155, 156, 159, 162, 170, 205, 206, 208, 210, 212, 213, 216, 217, 221, 224, 225, 228, 229, 231, 233, 234, 270, 271, 273, 275, 277, 278, 282, 284, 288, 291, 292, 293, 298, 299, 301, 303, 305, 307, 308, 309], "excluded_lines": [], "executed_branches": [], "missing_branches": [[104, 105], [104, 107], [110, 111], [110, 112], [152, 153], [152, 159], [153, 154], [153, 155], [155, 156], [155, 159], [205, 206], [205, 208], [216, 217], [216, 228], [217, 221], [217, 224], [273, 275], [273, 282], [291, 292], [291, 298], [298, 299], [298, 303]], "functions": {"atom_EVALUATE": {"executed_lines": [], "summary": {"covered_lines": 0, "num_statements": 10, "percent_covered": 0.0, "percent_covered_display": "0.00", "missing_lines": 10, "excluded_lines": 0, "num_branches": 4, "num_partial_branches": 0, "covered_branches": 0, "missing_branches": 4}, "missing_lines": [104, 105, 107, 108, 109, 110, 111, 112, 113, 114], "excluded_lines": [], "executed_branches": [], "missing_branches": [[104, 105], [104, 107], [110, 111], [110, 112]]}, "atom_TRANSITION": {"executed_lines": [], "summary": {"covered_lines": 0, "num_statements": 9, "percent_covered": 0.0, "percent_covered_display": "0.00", "missing_lines": 9, "excluded_lines": 0, "num_branches": 6, "num_partial_branches": 0, "covered_branches": 0, "missing_branches": 6}, "missing_lines": [149, 152, 153, 154, 155, 156, 159, 162, 170], "excluded_lines": [], "executed_branches": [], "missing_branches": [[152, 153], [152, 159], [153, 154], [153, 155], [155, 156], [155, 159]]}, "atom_MUTATE": {"executed_lines": [], "summary": {"covered_lines": 0, "num_statements": 16, "percent_covered": 0.0, "percent_covered_display": "0.00", "missing_lines": 16, "excluded_lines": 0, "num_branches": 6, "num_partial_branches": 0, "covered_branches": 0, "missing_branches": 6}, "missing_lines": [205, 206, 208, 210, 212, 213, 216, 217, 221, 224, 225, 228, 229, 231, 233, 234], "excluded_lines": [], "executed_branches": [], "missing_branches": [[205, 206], [205, 208], [216, 217], [216, 228], [217, 221], [217, 224]]}, "atom_DISPATCH": {"executed_lines": [], "summary": {"covered_lines": 0, "num_statements": 20, "percent_covered": 0.0, "percent_covered_display": "0.00", "missing_lines": 20, "excluded_lines": 0, "num_branches": 6, "num_partial_branches": 0, "covered_branches": 0, "missing_branches": 6}, "missing_lines": [270, 271, 273, 275, 277, 278, 282, 284, 288, 291, 292, 293, 298, 299, 301, 303, 305, 307, 308, 309], "excluded_lines": [], "executed_branches": [], "missing_branches": [[273, 275], [273, 282], [291, 292], [291, 298], [298, 299], [298, 303]]}, "": {"executed_lines": [1, 25, 26, 30, 33, 34, 35, 38, 39, 40, 43, 44, 45, 48, 49, 50, 53, 54, 55, 59, 60, 61, 62, 63, 64, 71, 121, 177, 241, 316], "summary": {"covered_lines": 23, "num_statements": 23, "percent_covered": 100.0, "percent_covered_display": "100.00", "missing_lines": 0, "excluded_lines": 0, "num_branches": 0, "num_partial_branches": 0, "covered_branches": 0, "missing_branches": 0}, "missing_lines": [], "excluded_lines": [], "executed_branches": [], "missing_branches": []}}, "classes": {"AtomError": {"executed_lines": [], "summary": {"covered_lines": 0, "num_statements": 0, "percent_covered": 100.0, "percent_covered_display": "100.00", "missing_lines": 0, "excluded_lines": 0, "num_branches": 0, "num_partial_branches": 0, "covered_branches": 0, "missing_branches": 0}, "missing_lines": [], "excluded_lines": [], "executed_branches": [], "missing_branches": []}, "EvaluateError": {"executed_lines": [], "summary": {"covered_lines": 0, "num_statements": 0, "percent_covered": 100.0, "percent_covered_display": "100.00", "missing_lines": 0, "excluded_lines": 0, "num_branches": 0, "num_partial_branches": 0, "covered_branches": 0, "missing_branches": 0}, "missing_lines": [], "excluded_lines": [], "executed_branches": [], "missing_branches": []}, "TransitionError": {"executed_lines": [], "summary": {"covered_lines": 0, "num_statements": 0, "percent_covered": 100.0, "percent_covered_display": "100.00", "missing_lines": 0, "excluded_lines": 0, "num_branches": 0, "num_partial_branches": 0, "covered_branches": 0, "missing_branches": 0}, "missing_lines": [], "excluded_lines": [], "executed_branches": [], "missing_branches": []}, "MutateError": {"executed_lines": [], "summary": {"covered_lines": 0, "num_statements": 0, "percent_covered": 100.0, "percent_covered_display": "100.00", "missing_lines": 0, "excluded_lines": 0, "num_branches": 0, "num_partial_branches": 0, "covered_branches": 0, "missing_branches": 0}, "missing_lines": [], "excluded_lines": [], "executed_branches": [], "missing_branches": []}, "DispatchError": {"executed_lines": [], "summary": {"covered_lines": 0, "num_statements": 0, "percent_covered": 100.0, "percent_covered_display": "100.00", "missing_lines": 0, "excluded_lines": 0, "num_branches": 0, "num_partial_branches": 0, "covered_branches": 0, "missing_branches": 0}, "missing_lines": [], "excluded_lines": [], "executed_branches": [], "missing_branches": []}, "TransitionTrace": {"executed_lines": [], "summary": {"covered_lines": 0, "num_statements": 0, "percent_covered": 100.0, "percent_covered_display": "100.00", "missing_lines": 0, "excluded_lines": 0, "num_branches": 0, "num_partial_branches": 0, "covered_branches": 0, "missing_branches": 0}, "missing_lines": [], "excluded_lines": [], "executed_branches": [], "missing_branches": []}, "": {"executed_lines": [1, 25, 26, 30, 33, 34, 35, 38, 39, 40, 43, 44, 45, 48, 49, 50, 53, 54, 55, 59, 60, 61, 62, 63, 64, 71, 121, 177, 241, 316], "summary": {"covered_lines": 23, "num_statements": 78, "percent_covered": 23.0, "percent_covered_display": "23.00", "missing_lines": 55, "excluded_lines": 0, "num_branches": 22, "num_partial_branches": 0, "covered_branches": 0, "missing_branches": 22}, "missing_lines": [104, 105, 107, 108, 109, 110, 111, 112, 113, 114, 149, 152, 153, 154, 155, 156, 159, 162, 170, 205, 206, 208, 210, 212, 213, 216, 217, 221, 224, 225, 228, 229, 231, 233, 234, 270, 271, 273, 275, 277, 278, 282, 284, 288, 291, 292, 293, 298, 299, 301, 303, 305, 307, 308, 309], "excluded_lines": [], "executed_branches": [], "missing_branches": [[104, 105], [104, 107], [110, 111], [110, 112], [152, 153], [152, 159], [153, 154], [153, 155], [155, 156], [155, 159], [205, 206], [205, 208], [216, 217], [216, 228], [217, 221], [217, 224], [273, 275], [273, 282], [291, 292], [291, 298], [298, 299], [298, 303]]}}}, "src/frame_py/operational_validator.py": {"executed_lines": [1, 18, 19, 20, 21, 24, 82, 149, 181, 216, 235, 262, 263, 264, 267, 315, 416, 467, 481, 505, 535, 580], "summary": {"covered_lines": 20, "num_statements": 280, "percent_covered": 4.672897196261682, "percent_covered_display": "4.67", "missing_lines": 260, "excluded_lines": 0, "num_branches": 148, "num_partial_branches": 0, "covered_branches": 0, "missing_branches": 148}, "missing_lines": [47, 48, 51, 52, 53, 54, 55, 59, 60, 61, 62, 63, 67, 68, 69, 70, 71, 73, 74, 79, 92, 93, 94, 95, 97, 98, 103, 105, 107, 108, 109, 112, 113, 114, 116, 117, 118, 121, 123, 125, 126, 127, 128, 132, 134, 135, 138, 140, 141, 143, 144, 146, 155, 166, 167, 168, 169, 170, 173, 175, 176, 178, 183, 184, 186, 187, 189, 190, 191, 192, 193, 194, 195, 196, 197, 198, 200, 202, 204, 205, 206, 207, 208, 209, 210, 211, 213, 218, 221, 228, 229, 230, 232, 239, 242, 243, 246, 247, 250, 251, 254, 256, 257, 259, 282, 283, 285, 286, 288, 289, 291, 292, 293, 294, 297, 298, 299, 300, 303, 304, 305, 306, 307, 308, 309, 310, 312, 334, 335, 343, 344, 345, 346, 347, 350, 351, 352, 353, 354, 356, 357, 358, 360, 361, 364, 365, 366, 368, 373, 374, 375, 378, 379, 380, 381, 382, 383, 384, 386, 387, 391, 392, 395, 396, 397, 399, 400, 401, 402, 404, 405, 406, 407, 408, 411, 413, 418, 419, 422, 423, 425, 437, 438, 439, 445, 449, 450, 453, 455, 456, 457, 460, 461, 462, 464, 469, 470, 471, 472, 473, 474, 475, 476, 477, 478, 483, 484, 485, 487, 488, 489, 490, 491, 494, 495, 497, 498, 500, 501, 502, 511, 513, 514, 517, 518, 519, 520, 521, 522, 525, 526, 529, 530, 532, 537, 538, 541, 543, 544, 547, 549, 551, 552, 554, 555, 556, 557, 560, 561, 562, 564, 567, 568, 569, 573, 576, 591, 593, 594, 596], "excluded_lines": [], "executed_branches": [], "missing_branches": [[60, 61], [60, 67], [62, 63], [62, 67], [69, 70], [69, 79], [73, 74], [73, 79], [97, 98], [97, 146], [105, 107], [105, 143], [116, 117], [116, 140], [121, 123], [121, 128], [128, 132], [128, 138], [166, 167], [166, 178], [168, 166], [168, 169], [175, 166], [175, 176], [183, 184], [183, 186], [189, 190], [189, 213], [190, 191], [190, 193], [193, 194], [193, 196], [196, 197], [196, 202], [197, 198], [197, 200], [202, 189], [202, 204], [206, 189], [206, 207], [207, 208], [207, 209], [209, 210], [209, 211], [228, 229], [228, 232], [229, 228], [229, 230], [242, 243], [242, 246], [246, 247], [246, 250], [250, 251], [250, 254], [256, 257], [256, 259], [285, 286], [285, 288], [288, 289], [288, 291], [298, 299], [298, 303], [299, 300], [299, 303], [304, 305], [304, 309], [306, 307], [306, 308], [309, 310], [309, 312], [343, 344], [343, 350], [353, 354], [353, 356], [356, 357], [356, 360], [360, 361], [360, 364], [364, 365], [364, 378], [373, 364], [373, 374], [379, 380], [379, 395], [381, 382], [381, 391], [386, 379], [386, 387], [391, 379], [391, 392], [396, 397], [396, 411], [399, 400], [399, 407], [404, 405], [404, 411], [405, 406], [405, 411], [407, 408], [407, 411], [422, 423], [422, 449], [425, 422], [425, 437], [437, 422], [437, 438], [439, 422], [439, 445], [449, 450], [449, 453], [455, 456], [455, 460], [456, 455], [456, 457], [461, 462], [461, 464], [474, 475], [474, 476], [488, 489], [488, 497], [489, 488], [489, 490], [490, 488], [490, 491], [491, 490], [491, 494], [497, 498], [497, 500], [517, 518], [517, 525], [519, 520], [519, 525], [521, 519], [521, 522], [525, 526], [525, 532], [537, 538], [537, 541], [543, 544], [543, 547], [549, 551], [549, 560], [560, 561], [560, 567], [567, 568], [567, 576], [593, 594], [593, 596]], "functions": {"sanitize_python_code": {"executed_lines": [], "summary": {"covered_lines": 0, "num_statements": 20, "percent_covered": 0.0, "percent_covered_display": "0.00", "missing_lines": 20, "excluded_lines": 0, "num_branches": 8, "num_partial_branches": 0, "covered_branches": 0, "missing_branches": 8}, "missing_lines": [47, 48, 51, 52, 53, 54, 55, 59, 60, 61, 62, 63, 67, 68, 69, 70, 71, 73, 74, 79], "excluded_lines": [], "executed_branches": [], "missing_branches": [[60, 61], [60, 67], [62, 63], [62, 67], [69, 70], [69, 79], [73, 74], [73, 79]]}, "_fix_literal_newlines_in_strings": {"executed_lines": [], "summary": {"covered_lines": 0, "num_statements": 32, "percent_covered": 0.0, "percent_covered_display": "0.00", "missing_lines": 32, "excluded_lines": 0, "num_branches": 10, "num_partial_branches": 0, "covered_branches": 0, "missing_branches": 10}, "missing_lines": [92, 93, 94, 95, 97, 98, 103, 105, 107, 108, 109, 112, 113, 114, 116, 117, 118, 121, 123, 125, 126, 127, 128, 132, 134, 135, 138, 140, 141, 143, 144, 146], "excluded_lines": [], "executed_branches": [], "missing_branches": [[97, 98], [97, 146], [105, 107], [105, 143], [116, 117], [116, 140], [121, 123], [121, 128], [128, 132], [128, 138]]}, "_find_unclosed_string": {"executed_lines": [], "summary": {"covered_lines": 0, "num_statements": 10, "percent_covered": 0.0, "percent_covered_display": "0.00", "missing_lines": 10, "excluded_lines": 0, "num_branches": 6, "num_partial_branches": 0, "covered_branches": 0, "missing_branches": 6}, "missing_lines": [155, 166, 167, 168, 169, 170, 173, 175, 176, 178], "excluded_lines": [], "executed_branches": [], "missing_branches": [[166, 167], [166, 178], [168, 166], [168, 169], [175, 166], [175, 176]]}, "_is_string_closed": {"executed_lines": [], "summary": {"covered_lines": 0, "num_statements": 25, "percent_covered": 0.0, "percent_covered_display": "0.00", "missing_lines": 25, "excluded_lines": 0, "num_branches": 20, "num_partial_branches": 0, "covered_branches": 0, "missing_branches": 20}, "missing_lines": [183, 184, 186, 187, 189, 190, 191, 192, 193, 194, 195, 196, 197, 198, 200, 202, 204, 205, 206, 207, 208, 209, 210, 211, 213], "excluded_lines": [], "executed_branches": [], "missing_branches": [[183, 184], [183, 186], [189, 190], [189, 213], [190, 191], [190, 193], [193, 194], [193, 196], [196, 197], [196, 202], [197, 198], [197, 200], [202, 189], [202, 204], [206, 189], [206, 207], [207, 208], [207, 209], [209, 210], [209, 211]]}, "_closes_string": {"executed_lines": [], "summary": {"covered_lines": 0, "num_statements": 6, "percent_covered": 0.0, "percent_covered_display": "0.00", "missing_lines": 6, "excluded_lines": 0, "num_branches": 4, "num_partial_branches": 0, "covered_branches": 0, "missing_branches": 4}, "missing_lines": [218, 221, 228, 229, 230, 232], "excluded_lines": [], "executed_branches": [], "missing_branches": [[228, 229], [228, 232], [229, 228], [229, 230]]}, "_could_be_string_continuation": {"executed_lines": [], "summary": {"covered_lines": 0, "num_statements": 11, "percent_covered": 0.0, "percent_covered_display": "0.00", "missing_lines": 11, "excluded_lines": 0, "num_branches": 8, "num_partial_branches": 0, "covered_branches": 0, "missing_branches": 8}, "missing_lines": [239, 242, 243, 246, 247, 250, 251, 254, 256, 257, 259], "excluded_lines": [], "executed_branches": [], "missing_branches": [[242, 243], [242, 246], [246, 247], [246, 250], [250, 251], [250, 254], [256, 257], [256, 259]]}, "validate_python_file": {"executed_lines": [], "summary": {"covered_lines": 0, "num_statements": 23, "percent_covered": 0.0, "percent_covered_display": "0.00", "missing_lines": 23, "excluded_lines": 0, "num_branches": 14, "num_partial_branches": 0, "covered_branches": 0, "missing_branches": 14}, "missing_lines": [282, 283, 285, 286, 288, 289, 291, 292, 293, 294, 297, 298, 299, 300, 303, 304, 305, 306, 307, 308, 309, 310, 312], "excluded_lines": [], "executed_branches": [], "missing_branches": [[285, 286], [285, 288], [288, 289], [288, 291], [298, 299], [298, 303], [299, 300], [299, 303], [304, 305], [304, 309], [306, 307], [306, 308], [309, 310], [309, 312]]}, "validate_skill_directory": {"executed_lines": [], "summary": {"covered_lines": 0, "num_statements": 49, "percent_covered": 0.0, "percent_covered_display": "0.00", "missing_lines": 49, "excluded_lines": 0, "num_branches": 30, "num_partial_branches": 0, "covered_branches": 0, "missing_branches": 30}, "missing_lines": [334, 335, 343, 344, 345, 346, 347, 350, 351, 352, 353, 354, 356, 357, 358, 360, 361, 364, 365, 366, 368, 373, 374, 375, 378, 379, 380, 381, 382, 383, 384, 386, 387, 391, 392, 395, 396, 397, 399, 400, 401, 402, 404, 405, 406, 407, 408, 411, 413], "excluded_lines": [], "executed_branches": [], "missing_branches": [[343, 344], [343, 350], [353, 354], [353, 356], [356, 357], [356, 360], [360, 361], [360, 364], [364, 365], [364, 378], [373, 364], [373, 374], [379, 380], [379, 395], [381, 382], [381, 391], [386, 379], [386, 387], [391, 379], [391, 392], [396, 397], [396, 411], [399, 400], [399, 407], [404, 405], [404, 411], [405, 406], [405, 411], [407, 408], [407, 411]]}, "_check_content_issues": {"executed_lines": [], "summary": {"covered_lines": 0, "num_statements": 19, "percent_covered": 0.0, "percent_covered_display": "0.00", "missing_lines": 19, "excluded_lines": 0, "num_branches": 16, "num_partial_branches": 0, "covered_branches": 0, "missing_branches": 16}, "missing_lines": [418, 419, 422, 423, 425, 437, 438, 439, 445, 449, 450, 453, 455, 456, 457, 460, 461, 462, 464], "excluded_lines": [], "executed_branches": [], "missing_branches": [[422, 423], [422, 449], [425, 422], [425, 437], [437, 422], [437, 438], [439, 422], [439, 445], [449, 450], [449, 453], [455, 456], [455, 460], [456, 455], [456, 457], [461, 462], [461, 464]]}, "_check_syntax": {"executed_lines": [], "summary": {"covered_lines": 0, "num_statements": 10, "percent_covered": 0.0, "percent_covered_display": "0.00", "missing_lines": 10, "excluded_lines": 0, "num_branches": 2, "num_partial_branches": 0, "covered_branches": 0, "missing_branches": 2}, "missing_lines": [469, 470, 471, 472, 473, 474, 475, 476, 477, 478], "excluded_lines": [], "executed_branches": [], "missing_branches": [[474, 475], [474, 476]]}, "_check_structure": {"executed_lines": [], "summary": {"covered_lines": 0, "num_statements": 15, "percent_covered": 0.0, "percent_covered_display": "0.00", "missing_lines": 15, "excluded_lines": 0, "num_branches": 10, "num_partial_branches": 0, "covered_branches": 0, "missing_branches": 10}, "missing_lines": [483, 484, 485, 487, 488, 489, 490, 491, 494, 495, 497, 498, 500, 501, 502], "excluded_lines": [], "executed_branches": [], "missing_branches": [[488, 489], [488, 497], [489, 488], [489, 490], [490, 488], [490, 491], [491, 490], [491, 494], [497, 498], [497, 500]]}, "_check_imports": {"executed_lines": [], "summary": {"covered_lines": 0, "num_statements": 14, "percent_covered": 0.0, "percent_covered_display": "0.00", "missing_lines": 14, "excluded_lines": 0, "num_branches": 8, "num_partial_branches": 0, "covered_branches": 0, "missing_branches": 8}, "missing_lines": [511, 513, 514, 517, 518, 519, 520, 521, 522, 525, 526, 529, 530, 532], "excluded_lines": [], "executed_branches": [], "missing_branches": [[517, 518], [517, 525], [519, 520], [519, 525], [521, 519], [521, 522], [525, 526], [525, 532]]}, "_build_feedback": {"executed_lines": [], "summary": {"covered_lines": 0, "num_statements": 22, "percent_covered": 0.0, "percent_covered_display": "0.00", "missing_lines": 22, "excluded_lines": 0, "num_branches": 10, "num_partial_branches": 0, "covered_branches": 0, "missing_branches": 10}, "missing_lines": [537, 538, 541, 543, 544, 547, 549, 551, 552, 554, 555, 556, 557, 560, 561, 562, 564, 567, 568, 569, 573, 576], "excluded_lines": [], "executed_branches": [], "missing_branches": [[537, 538], [537, 541], [543, 544], [543, 547], [549, 551], [549, 560], [560, 561], [560, 567], [567, 568], [567, 576]]}, "validate_skill": {"executed_lines": [], "summary": {"covered_lines": 0, "num_statements": 4, "percent_covered": 0.0, "percent_covered_display": "0.00", "missing_lines": 4, "excluded_lines": 0, "num_branches": 2, "num_partial_branches": 0, "covered_branches": 0, "missing_branches": 2}, "missing_lines": [591, 593, 594, 596], "excluded_lines": [], "executed_branches": [], "missing_branches": [[593, 594], [593, 596]]}, "": {"executed_lines": [1, 18, 19, 20, 21, 24, 82, 149, 181, 216, 235, 262, 263, 264, 267, 315, 416, 467, 481, 505, 535, 580], "summary": {"covered_lines": 20, "num_statements": 20, "percent_covered": 100.0, "percent_covered_display": "100.00", "missing_lines": 0, "excluded_lines": 0, "num_branches": 0, "num_partial_branches": 0, "covered_branches": 0, "missing_branches": 0}, "missing_lines": [], "excluded_lines": [], "executed_branches": [], "missing_branches": []}}, "classes": {"OperationalValidationError": {"executed_lines": [], "summary": {"covered_lines": 0, "num_statements": 0, "percent_covered": 100.0, "percent_covered_display": "100.00", "missing_lines": 0, "excluded_lines": 0, "num_branches": 0, "num_partial_branches": 0, "covered_branches": 0, "missing_branches": 0}, "missing_lines": [], "excluded_lines": [], "executed_branches": [], "missing_branches": []}, "": {"executed_lines": [1, 18, 19, 20, 21, 24, 82, 149, 181, 216, 235, 262, 263, 264, 267, 315, 416, 467, 481, 505, 535, 580], "summary": {"covered_lines": 20, "num_statements": 280, "percent_covered": 4.672897196261682, "percent_covered_display": "4.67", "missing_lines": 260, "excluded_lines": 0, "num_branches": 148, "num_partial_branches": 0, "covered_branches": 0, "missing_branches": 148}, "missing_lines": [47, 48, 51, 52, 53, 54, 55, 59, 60, 61, 62, 63, 67, 68, 69, 70, 71, 73, 74, 79, 92, 93, 94, 95, 97, 98, 103, 105, 107, 108, 109, 112, 113, 114, 116, 117, 118, 121, 123, 125, 126, 127, 128, 132, 134, 135, 138, 140, 141, 143, 144, 146, 155, 166, 167, 168, 169, 170, 173, 175, 176, 178, 183, 184, 186, 187, 189, 190, 191, 192, 193, 194, 195, 196, 197, 198, 200, 202, 204, 205, 206, 207, 208, 209, 210, 211, 213, 218, 221, 228, 229, 230, 232, 239, 242, 243, 246, 247, 250, 251, 254, 256, 257, 259, 282, 283, 285, 286, 288, 289, 291, 292, 293, 294, 297, 298, 299, 300, 303, 304, 305, 306, 307, 308, 309, 310, 312, 334, 335, 343, 344, 345, 346, 347, 350, 351, 352, 353, 354, 356, 357, 358, 360, 361, 364, 365, 366, 368, 373, 374, 375, 378, 379, 380, 381, 382, 383, 384, 386, 387, 391, 392, 395, 396, 397, 399, 400, 401, 402, 404, 405, 406, 407, 408, 411, 413, 418, 419, 422, 423, 425, 437, 438, 439, 445, 449, 450, 453, 455, 456, 457, 460, 461, 462, 464, 469, 470, 471, 472, 473, 474, 475, 476, 477, 478, 483, 484, 485, 487, 488, 489, 490, 491, 494, 495, 497, 498, 500, 501, 502, 511, 513, 514, 517, 518, 519, 520, 521, 522, 525, 526, 529, 530, 532, 537, 538, 541, 543, 544, 547, 549, 551, 552, 554, 555, 556, 557, 560, 561, 562, 564, 567, 568, 569, 573, 576, 591, 593, 594, 596], "excluded_lines": [], "executed_branches": [], "missing_branches": [[60, 61], [60, 67], [62, 63], [62, 67], [69, 70], [69, 79], [73, 74], [73, 79], [97, 98], [97, 146], [105, 107], [105, 143], [116, 117], [116, 140], [121, 123], [121, 128], [128, 132], [128, 138], [166, 167], [166, 178], [168, 166], [168, 169], [175, 166], [175, 176], [183, 184], [183, 186], [189, 190], [189, 213], [190, 191], [190, 193], [193, 194], [193, 196], [196, 197], [196, 202], [197, 198], [197, 200], [202, 189], [202, 204], [206, 189], [206, 207], [207, 208], [207, 209], [209, 210], [209, 211], [228, 229], [228, 232], [229, 228], [229, 230], [242, 243], [242, 246], [246, 247], [246, 250], [250, 251], [250, 254], [256, 257], [256, 259], [285, 286], [285, 288], [288, 289], [288, 291], [298, 299], [298, 303], [299, 300], [299, 303], [304, 305], [304, 309], [306, 307], [306, 308], [309, 310], [309, 312], [343, 344], [343, 350], [353, 354], [353, 356], [356, 357], [356, 360], [360, 361], [360, 364], [364, 365], [364, 378], [373, 364], [373, 374], [379, 380], [379, 395], [381, 382], [381, 391], [386, 379], [386, 387], [391, 379], [391, 392], [396, 397], [396, 411], [399, 400], [399, 407], [404, 405], [404, 411], [405, 406], [405, 411], [407, 408], [407, 411], [422, 423], [422, 449], [425, 422], [425, 437], [437, 422], [437, 438], [439, 422], [439, 445], [449, 450], [449, 453], [455, 456], [455, 460], [456, 455], [456, 457], [461, 462], [461, 464], [474, 475], [474, 476], [488, 489], [488, 497], [489, 488], [489, 490], [490, 488], [490, 491], [491, 490], [491, 494], [497, 498], [497, 500], [517, 518], [517, 525], [519, 520], [519, 525], [521, 519], [521, 522], [525, 526], [525, 532], [537, 538], [537, 541], [543, 544], [543, 547], [549, 551], [549, 560], [560, 561], [560, 567], [567, 568], [567, 576], [593, 594], [593, 596]]}}}, "src/frame_py/orchestrator.py": {"executed_lines": [1, 27, 28, 30, 38, 41, 42, 43, 44, 45, 46, 47, 48, 49, 52, 207, 221, 235], "summary": {"covered_lines": 16, "num_statements": 95, "percent_covered": 11.347517730496454, "percent_covered_display": "11.35", "missing_lines": 79, "excluded_lines": 0, "num_branches": 46, "num_partial_branches": 0, "covered_branches": 0, "missing_branches": 46}, "missing_lines": [80, 81, 82, 83, 86, 87, 92, 94, 96, 98, 99, 104, 107, 108, 111, 112, 113, 114, 115, 117, 118, 119, 121, 122, 127, 130, 131, 132, 133, 134, 136, 138, 139, 140, 141, 142, 144, 146, 147, 150, 152, 153, 154, 155, 159, 162, 164, 165, 168, 169, 170, 173, 174, 175, 177, 179, 180, 185, 188, 190, 192, 197, 202, 204, 213, 214, 215, 216, 217, 218, 223, 224, 225, 226, 227, 229, 230, 231, 232], "excluded_lines": [], "executed_branches": [], "missing_branches": [[86, 87], [86, 92], [96, 98], [96, 104], [111, 112], [111, 127], [113, 111], [113, 114], [115, 117], [115, 119], [119, 111], [119, 121], [131, 132], [131, 185], [133, 134], [133, 136], [138, 139], [138, 150], [140, 141], [140, 142], [144, 131], [144, 146], [150, 131], [150, 152], [153, 131], [153, 154], [162, 164], [162, 168], [168, 131], [168, 169], [169, 168], [169, 170], [173, 168], [173, 174], [213, 214], [213, 218], [214, 215], [214, 216], [216, 213], [216, 217], [225, 226], [225, 232], [226, 227], [226, 229], [230, 225], [230, 231]], "functions": {"run_frame": {"executed_lines": [], "summary": {"covered_lines": 0, "num_statements": 64, "percent_covered": 0.0, "percent_covered_display": "0.00", "missing_lines": 64, "excluded_lines": 0, "num_branches": 34, "num_partial_branches": 0, "covered_branches": 0, "missing_branches": 34}, "missing_lines": [80, 81, 82, 83, 86, 87, 92, 94, 96, 98, 99, 104, 107, 108, 111, 112, 113, 114, 115, 117, 118, 119, 121, 122, 127, 130, 131, 132, 133, 134, 136, 138, 139, 140, 141, 142, 144, 146, 147, 150, 152, 153, 154, 155, 159, 162, 164, 165, 168, 169, 170, 173, 174, 175, 177, 179, 180, 185, 188, 190, 192, 197, 202, 204], "excluded_lines": [], "executed_branches": [], "missing_branches": [[86, 87], [86, 92], [96, 98], [96, 104], [111, 112], [111, 127], [113, 111], [113, 114], [115, 117], [115, 119], [119, 111], [119, 121], [131, 132], [131, 185], [133, 134], [133, 136], [138, 139], [138, 150], [140, 141], [140, 142], [144, 131], [144, 146], [150, 131], [150, 152], [153, 131], [153, 154], [162, 164], [162, 168], [168, 131], [168, 169], [169, 168], [169, 170], [173, 168], [173, 174]]}, "_find_transition": {"executed_lines": [], "summary": {"covered_lines": 0, "num_statements": 6, "percent_covered": 0.0, "percent_covered_display": "0.00", "missing_lines": 6, "excluded_lines": 0, "num_branches": 6, "num_partial_branches": 0, "covered_branches": 0, "missing_branches": 6}, "missing_lines": [213, 214, 215, 216, 217, 218], "excluded_lines": [], "executed_branches": [], "missing_branches": [[213, 214], [213, 218], [214, 215], [214, 216], [216, 213], [216, 217]]}, "_resolve_path": {"executed_lines": [], "summary": {"covered_lines": 0, "num_statements": 9, "percent_covered": 0.0, "percent_covered_display": "0.00", "missing_lines": 9, "excluded_lines": 0, "num_branches": 6, "num_partial_branches": 0, "covered_branches": 0, "missing_branches": 6}, "missing_lines": [223, 224, 225, 226, 227, 229, 230, 231, 232], "excluded_lines": [], "executed_branches": [], "missing_branches": [[225, 226], [225, 232], [226, 227], [226, 229], [230, 225], [230, 231]]}, "": {"executed_lines": [1, 27, 28, 30, 38, 41, 42, 43, 44, 45, 46, 47, 48, 49, 52, 207, 221, 235], "summary": {"covered_lines": 16, "num_statements": 16, "percent_covered": 100.0, "percent_covered_display": "100.00", "missing_lines": 0, "excluded_lines": 0, "num_branches": 0, "num_partial_branches": 0, "covered_branches": 0, "missing_branches": 0}, "missing_lines": [], "excluded_lines": [], "executed_branches": [], "missing_branches": []}}, "classes": {"OrchestratorState": {"executed_lines": [], "summary": {"covered_lines": 0, "num_statements": 0, "percent_covered": 100.0, "percent_covered_display": "100.00", "missing_lines": 0, "excluded_lines": 0, "num_branches": 0, "num_partial_branches": 0, "covered_branches": 0, "missing_branches": 0}, "missing_lines": [], "excluded_lines": [], "executed_branches": [], "missing_branches": []}, "": {"executed_lines": [1, 27, 28, 30, 38, 41, 42, 43, 44, 45, 46, 47, 48, 49, 52, 207, 221, 235], "summary": {"covered_lines": 16, "num_statements": 95, "percent_covered": 11.347517730496454, "percent_covered_display": "11.35", "missing_lines": 79, "excluded_lines": 0, "num_branches": 46, "num_partial_branches": 0, "covered_branches": 0, "missing_branches": 46}, "missing_lines": [80, 81, 82, 83, 86, 87, 92, 94, 96, 98, 99, 104, 107, 108, 111, 112, 113, 114, 115, 117, 118, 119, 121, 122, 127, 130, 131, 132, 133, 134, 136, 138, 139, 140, 141, 142, 144, 146, 147, 150, 152, 153, 154, 155, 159, 162, 164, 165, 168, 169, 170, 173, 174, 175, 177, 179, 180, 185, 188, 190, 192, 197, 202, 204, 213, 214, 215, 216, 217, 218, 223, 224, 225, 226, 227, 229, 230, 231, 232], "excluded_lines": [], "executed_branches": [], "missing_branches": [[86, 87], [86, 92], [96, 98], [96, 104], [111, 112], [111, 127], [113, 111], [113, 114], [115, 117], [115, 119], [119, 111], [119, 121], [131, 132], [131, 185], [133, 134], [133, 136], [138, 139], [138, 150], [140, 141], [140, 142], [144, 131], [144, 146], [150, 131], [150, 152], [153, 131], [153, 154], [162, 164], [162, 168], [168, 131], [168, 169], [169, 168], [169, 170], [173, 168], [173, 174], [213, 214], [213, 218], [214, 215], [214, 216], [216, 213], [216, 217], [225, 226], [225, 232], [226, 227], [226, 229], [230, 225], [230, 231]]}}}, "src/frame_py/safe_eval.py": {"executed_lines": [], "summary": {"covered_lines": 0, "num_statements": 203, "percent_covered": 0.0, "percent_covered_display": "0.00", "missing_lines": 203, "excluded_lines": 26, "num_branches": 102, "num_partial_branches": 0, "covered_branches": 0, "missing_branches": 102}, "missing_lines": [33, 34, 35, 36, 37, 40, 42, 43, 44, 45, 46, 47, 50, 53, 54, 55, 59, 109, 126, 131, 132, 134, 135, 140, 141, 148, 149, 152, 153, 156, 159, 160, 161, 162, 163, 164, 167, 168, 171, 172, 174, 177, 179, 180, 182, 183, 186, 187, 192, 193, 195, 198, 204, 205, 206, 208, 209, 210, 211, 213, 215, 216, 222, 223, 224, 225, 231, 232, 234, 248, 249, 255, 256, 257, 258, 261, 264, 267, 269, 270, 272, 273, 275, 276, 278, 279, 280, 282, 283, 284, 285, 286, 287, 288, 289, 290, 291, 292, 293, 295, 296, 297, 298, 299, 300, 301, 302, 303, 304, 305, 306, 308, 309, 310, 311, 312, 314, 315, 316, 318, 327, 328, 329, 332, 333, 335, 337, 338, 340, 341, 343, 344, 345, 346, 347, 348, 350, 351, 353, 354, 356, 357, 359, 360, 361, 362, 363, 364, 365, 367, 368, 369, 370, 372, 374, 376, 377, 378, 380, 382, 384, 385, 386, 388, 389, 391, 392, 394, 395, 397, 403, 404, 406, 407, 409, 410, 414, 417, 418, 422, 423, 424, 425, 428, 451, 452, 453, 454, 455, 456, 459, 476, 477, 478, 479, 480, 481, 482, 484, 485, 486, 487, 488], "excluded_lines": [495, 496, 499, 565, 566, 568, 569, 571, 572, 573, 574, 575, 576, 577, 578, 579, 581, 582, 584, 585, 588, 589, 597, 598, 599, 600], "executed_branches": [], "missing_branches": [[131, 132], [131, 134], [134, 135], [134, 140], [140, 141], [140, 152], [148, 149], [148, 152], [152, -126], [152, 153], [159, 160], [159, 161], [161, 162], [161, 163], [163, 164], [163, 167], [167, 168], [167, 171], [171, 172], [171, 174], [179, 180], [179, 182], [182, 183], [182, 186], [186, 187], [186, 192], [192, 193], [192, 195], [215, 216], [215, 222], [222, 223], [222, 231], [224, 225], [224, 231], [231, -213], [231, 232], [248, 249], [248, 255], [285, 286], [285, 287], [287, 288], [287, 289], [289, 290], [289, 293], [290, 291], [290, 292], [296, 297], [296, 301], [297, 298], [297, 300], [298, 297], [298, 299], [301, 302], [301, 306], [302, 303], [302, 305], [303, 302], [303, 304], [310, 311], [310, 312], [328, 329], [328, 332], [332, 333], [332, 335], [340, 341], [340, 380], [343, 344], [343, 345], [345, 346], [345, 347], [347, 348], [347, 350], [350, 351], [350, 353], [353, 354], [353, 356], [356, 357], [356, 359], [359, 360], [359, 361], [361, 362], [361, 363], [363, 364], [363, 368], [364, 365], [364, 367], [368, 369], [368, 374], [369, 370], [369, 372], [376, 377], [376, 378], [384, 385], [384, 386], [403, 404], [403, 406], [409, 410], [409, 414], [417, 418], [417, 422], [478, 479], [478, 481]], "functions": {"SafeEvalError.__init__": {"executed_lines": [], "summary": {"covered_lines": 0, "num_statements": 2, "percent_covered": 0.0, "percent_covered_display": "0.00", "missing_lines": 2, "excluded_lines": 0, "num_branches": 0, "num_partial_branches": 0, "covered_branches": 0, "missing_branches": 0}, "missing_lines": [54, 55], "excluded_lines": [], "executed_branches": [], "missing_branches": []}, "_validate_ast": {"executed_lines": [], "summary": {"covered_lines": 0, "num_statements": 10, "percent_covered": 0.0, "percent_covered_display": "0.00", "missing_lines": 10, "excluded_lines": 0, "num_branches": 10, "num_partial_branches": 0, "covered_branches": 0, "missing_branches": 10}, "missing_lines": [131, 132, 134, 135, 140, 141, 148, 149, 152, 153], "excluded_lines": [], "executed_branches": [], "missing_branches": [[131, 132], [131, 134], [134, 135], [134, 140], [140, 141], [140, 152], [148, 149], [148, 152], [152, -126], [152, 153]]}, "_resolve_name": {"executed_lines": [], "summary": {"covered_lines": 0, "num_statements": 11, "percent_covered": 0.0, "percent_covered_display": "0.00", "missing_lines": 11, "excluded_lines": 0, "num_branches": 10, "num_partial_branches": 0, "covered_branches": 0, "missing_branches": 10}, "missing_lines": [159, 160, 161, 162, 163, 164, 167, 168, 171, 172, 174], "excluded_lines": [], "executed_branches": [], "missing_branches": [[159, 160], [159, 161], [161, 162], [161, 163], [163, 164], [163, 167], [167, 168], [167, 171], [171, 172], [171, 174]]}, "_resolve_attr": {"executed_lines": [], "summary": {"covered_lines": 0, "num_statements": 9, "percent_covered": 0.0, "percent_covered_display": "0.00", "missing_lines": 9, "excluded_lines": 0, "num_branches": 8, "num_partial_branches": 0, "covered_branches": 0, "missing_branches": 8}, "missing_lines": [179, 180, 182, 183, 186, 187, 192, 193, 195], "excluded_lines": [], "executed_branches": [], "missing_branches": [[179, 180], [179, 182], [182, 183], [182, 186], [186, 187], [186, 192], [192, 193], [192, 195]]}, "SafeEvaluator.__init__": {"executed_lines": [], "summary": {"covered_lines": 0, "num_statements": 3, "percent_covered": 0.0, "percent_covered_display": "0.00", "missing_lines": 3, "excluded_lines": 0, "num_branches": 0, "num_partial_branches": 0, "covered_branches": 0, "missing_branches": 0}, "missing_lines": [209, 210, 211], "excluded_lines": [], "executed_branches": [], "missing_branches": []}, "SafeEvaluator._check_complexity": {"executed_lines": [], "summary": {"covered_lines": 0, "num_statements": 8, "percent_covered": 0.0, "percent_covered_display": "0.00", "missing_lines": 8, "excluded_lines": 0, "num_branches": 8, "num_partial_branches": 0, "covered_branches": 0, "missing_branches": 8}, "missing_lines": [215, 216, 222, 223, 224, 225, 231, 232], "excluded_lines": [], "executed_branches": [], "missing_branches": [[215, 216], [215, 222], [222, 223], [222, 231], [224, 225], [224, 231], [231, -213], [231, 232]]}, "SafeEvaluator.evaluate": {"executed_lines": [], "summary": {"covered_lines": 0, "num_statements": 9, "percent_covered": 0.0, "percent_covered_display": "0.00", "missing_lines": 9, "excluded_lines": 0, "num_branches": 2, "num_partial_branches": 0, "covered_branches": 0, "missing_branches": 2}, "missing_lines": [248, 249, 255, 256, 257, 258, 261, 264, 267], "excluded_lines": [], "executed_branches": [], "missing_branches": [[248, 249], [248, 255]]}, "SafeEvaluator.visit_Expression": {"executed_lines": [], "summary": {"covered_lines": 0, "num_statements": 1, "percent_covered": 0.0, "percent_covered_display": "0.00", "missing_lines": 1, "excluded_lines": 0, "num_branches": 0, "num_partial_branches": 0, "covered_branches": 0, "missing_branches": 0}, "missing_lines": [270], "excluded_lines": [], "executed_branches": [], "missing_branches": []}, "SafeEvaluator.visit_Constant": {"executed_lines": [], "summary": {"covered_lines": 0, "num_statements": 1, "percent_covered": 0.0, "percent_covered_display": "0.00", "missing_lines": 1, "excluded_lines": 0, "num_branches": 0, "num_partial_branches": 0, "covered_branches": 0, "missing_branches": 0}, "missing_lines": [273], "excluded_lines": [], "executed_branches": [], "missing_branches": []}, "SafeEvaluator.visit_Name": {"executed_lines": [], "summary": {"covered_lines": 0, "num_statements": 1, "percent_covered": 0.0, "percent_covered_display": "0.00", "missing_lines": 1, "excluded_lines": 0, "num_branches": 0, "num_partial_branches": 0, "covered_branches": 0, "missing_branches": 0}, "missing_lines": [276], "excluded_lines": [], "executed_branches": [], "missing_branches": []}, "SafeEvaluator.visit_Attribute": {"executed_lines": [], "summary": {"covered_lines": 0, "num_statements": 2, "percent_covered": 0.0, "percent_covered_display": "0.00", "missing_lines": 2, "excluded_lines": 0, "num_branches": 0, "num_partial_branches": 0, "covered_branches": 0, "missing_branches": 0}, "missing_lines": [279, 280], "excluded_lines": [], "executed_branches": [], "missing_branches": []}, "SafeEvaluator.visit_Subscript": {"executed_lines": [], "summary": {"covered_lines": 0, "num_statements": 11, "percent_covered": 0.0, "percent_covered_display": "0.00", "missing_lines": 11, "excluded_lines": 0, "num_branches": 8, "num_partial_branches": 0, "covered_branches": 0, "missing_branches": 8}, "missing_lines": [283, 284, 285, 286, 287, 288, 289, 290, 291, 292, 293], "excluded_lines": [], "executed_branches": [], "missing_branches": [[285, 286], [285, 287], [287, 288], [287, 289], [289, 290], [289, 293], [290, 291], [290, 292]]}, "SafeEvaluator.visit_BoolOp": {"executed_lines": [], "summary": {"covered_lines": 0, "num_statements": 11, "percent_covered": 0.0, "percent_covered_display": "0.00", "missing_lines": 11, "excluded_lines": 0, "num_branches": 12, "num_partial_branches": 0, "covered_branches": 0, "missing_branches": 12}, "missing_lines": [296, 297, 298, 299, 300, 301, 302, 303, 304, 305, 306], "excluded_lines": [], "executed_branches": [], "missing_branches": [[296, 297], [296, 301], [297, 298], [297, 300], [298, 297], [298, 299], [301, 302], [301, 306], [302, 303], [302, 305], [303, 302], [303, 304]]}, "SafeEvaluator.visit_UnaryOp": {"executed_lines": [], "summary": {"covered_lines": 0, "num_statements": 4, "percent_covered": 0.0, "percent_covered_display": "0.00", "missing_lines": 4, "excluded_lines": 0, "num_branches": 2, "num_partial_branches": 0, "covered_branches": 0, "missing_branches": 2}, "missing_lines": [309, 310, 311, 312], "excluded_lines": [], "executed_branches": [], "missing_branches": [[310, 311], [310, 312]]}, "SafeEvaluator.visit_BinOp": {"executed_lines": [], "summary": {"covered_lines": 0, "num_statements": 9, "percent_covered": 0.0, "percent_covered_display": "0.00", "missing_lines": 9, "excluded_lines": 0, "num_branches": 4, "num_partial_branches": 0, "covered_branches": 0, "missing_branches": 4}, "missing_lines": [315, 316, 318, 327, 328, 329, 332, 333, 335], "excluded_lines": [], "executed_branches": [], "missing_branches": [[328, 329], [328, 332], [332, 333], [332, 335]]}, "SafeEvaluator.visit_Compare": {"executed_lines": [], "summary": {"covered_lines": 0, "num_statements": 32, "percent_covered": 0.0, "percent_covered_display": "0.00", "missing_lines": 32, "excluded_lines": 0, "num_branches": 28, "num_partial_branches": 0, "covered_branches": 0, "missing_branches": 28}, "missing_lines": [338, 340, 341, 343, 344, 345, 346, 347, 348, 350, 351, 353, 354, 356, 357, 359, 360, 361, 362, 363, 364, 365, 367, 368, 369, 370, 372, 374, 376, 377, 378, 380], "excluded_lines": [], "executed_branches": [], "missing_branches": [[340, 341], [340, 380], [343, 344], [343, 345], [345, 346], [345, 347], [347, 348], [347, 350], [350, 351], [350, 353], [353, 354], [353, 356], [356, 357], [356, 359], [359, 360], [359, 361], [361, 362], [361, 363], [363, 364], [363, 368], [364, 365], [364, 367], [368, 369], [368, 374], [369, 370], [369, 372], [376, 377], [376, 378]]}, "SafeEvaluator.visit_IfExp": {"executed_lines": [], "summary": {"covered_line
[...]
 "excluded_lines": 0, "num_branches": 0, "num_partial_branches": 0, "covered_branches": 0, "missing_branches": 0}, "missing_lines": [1105], "excluded_lines": [], "executed_branches": [], "missing_branches": []}, "": {"executed_lines": [1, 9, 10, 11, 12, 13, 15, 22, 99, 156, 250, 285, 311, 339, 360, 376, 400, 413, 447, 500, 586, 603, 657, 710, 795, 827, 891, 928, 1063, 1072, 1103, 1125], "summary": {"covered_lines": 31, "num_statements": 31, "percent_covered": 100.0, "percent_covered_display": "100.00", "missing_lines": 0, "excluded_lines": 0, "num_branches": 0, "num_partial_branches": 0, "covered_branches": 0, "missing_branches": 0}, "missing_lines": [], "excluded_lines": [], "executed_branches": [], "missing_branches": []}}, "classes": {"": {"executed_lines": [1, 9, 10, 11, 12, 13, 15, 22, 24, 25, 28, 29, 30, 31, 34, 35, 37, 38, 40, 44, 89, 99, 101, 102, 106, 107, 108, 111, 112, 114, 115, 116, 117, 125, 128, 130, 133, 134, 137, 138, 139, 140, 141, 144, 156, 158, 159, 161, 164, 165, 166, 167, 169, 173, 174, 175, 181, 183, 184, 185, 194, 195, 196, 198, 199, 200, 203, 204, 206, 208, 211, 212, 215, 219, 222, 224, 225, 231, 234, 235, 236, 237, 247, 250, 252, 255, 256, 258, 259, 261, 262, 263, 264, 265, 266, 268, 269, 275, 276, 285, 287, 288, 291, 292, 294, 295, 296, 297, 298, 300, 308, 311, 313, 316, 325, 326, 336, 339, 360, 362, 365, 366, 373, 376, 378, 381, 388, 389, 390, 391, 397, 400, 403, 405, 406, 413, 415, 416, 418, 421, 422, 423, 424, 426, 427, 429, 442, 444, 447, 449, 450, 452, 456, 457, 458, 461, 467, 468, 469, 471, 472, 473, 475, 476, 478, 479, 480, 483, 495, 497, 500, 502, 503, 505, 508, 509, 511, 513, 518, 521, 524, 548, 566, 567, 568, 569, 570, 572, 583, 586, 603, 605, 606, 608, 611, 612, 613, 616, 617, 618, 621, 622, 623, 624, 626, 627, 628, 640, 641, 642, 643, 654, 657, 659, 660, 663, 664, 666, 667, 670, 671, 672, 675, 677, 679, 680, 681, 682, 683, 684, 685, 686, 690, 691, 692, 693, 695, 707, 710, 717, 718, 719, 723, 724, 726, 727, 730, 731, 732, 734, 735, 738, 739, 742, 744, 748, 753, 754, 755, 760, 761, 777, 778, 779, 792, 795, 797, 798, 799, 801, 802, 803, 805, 807, 809, 810, 811, 812, 813, 814, 815, 816, 820, 827, 829, 830, 831, 832, 833, 834, 835, 837, 840, 841, 842, 844, 845, 846, 848, 849, 850, 851, 852, 854, 884, 891, 928, 930, 931, 933, 936, 961, 962, 963, 964, 965, 966, 967, 970, 971, 972, 973, 974, 977, 982, 983, 984, 985, 986, 988, 991, 993, 994, 995, 1004, 1011, 1025, 1042, 1043, 1044, 1045, 1046, 1047, 1048, 1051, 1052, 1053, 1054, 1055, 1057, 1058, 1060, 1063, 1065, 1072, 1103, 1125], "summary": {"covered_lines": 356, "num_statements": 498, "percent_covered": 66.44736842105263, "percent_covered_display": "66.45", "missing_lines": 142, "excluded_lines": 0, "num_branches": 262, "num_partial_branches": 53, "covered_branches": 149, "missing_branches": 113}, "missing_lines": [26, 41, 91, 92, 103, 126, 129, 162, 209, 216, 220, 238, 239, 240, 253, 278, 289, 327, 328, 329, 341, 342, 344, 345, 346, 347, 348, 349, 350, 351, 352, 353, 354, 355, 357, 367, 368, 419, 453, 481, 506, 519, 525, 526, 527, 528, 531, 534, 549, 550, 551, 552, 554, 588, 589, 590, 591, 592, 593, 594, 595, 596, 597, 598, 599, 600, 609, 661, 676, 678, 688, 720, 728, 736, 745, 806, 808, 818, 893, 894, 896, 897, 899, 907, 908, 916, 917, 918, 919, 920, 921, 923, 925, 934, 978, 979, 998, 999, 1000, 1005, 1006, 1012, 1013, 1014, 1015, 1016, 1018, 1019, 1020, 1021, 1022, 1026, 1027, 1028, 1029, 1030, 1031, 1032, 1033, 1034, 1035, 1036, 1037, 1038, 1039, 1074, 1075, 1076, 1078, 1079, 1081, 1082, 1085, 1086, 1087, 1088, 1090, 1091, 1093, 1095, 1096, 1105], "excluded_lines": [], "executed_branches": [[25, 28], [30, 31], [30, 34], [40, 44], [102, 106], [114, 115], [114, 133], [125, 128], [128, 130], [133, 134], [133, 137], [138, 139], [138, 144], [139, 138], [139, 140], [140, 141], [161, 164], [173, 174], [173, 194], [174, 175], [174, 183], [184, 185], [195, 196], [195, 198], [199, 200], [199, 203], [204, 206], [204, 234], [208, 211], [215, 219], [219, 222], [224, 225], [234, 235], [235, 236], [235, 247], [237, 235], [252, 255], [258, 259], [261, 258], [261, 262], [263, 264], [268, 269], [268, 275], [288, 291], [294, 295], [294, 308], [325, 326], [325, 336], [326, 325], [366, 373], [388, 389], [388, 397], [389, 388], [389, 390], [418, 421], [422, 423], [422, 444], [423, 424], [423, 426], [452, 456], [467, 468], [471, 472], [475, 467], [475, 476], [479, 480], [479, 497], [480, 483], [505, 508], [511, 513], [511, 583], [518, 521], [524, 548], [548, 566], [566, 511], [566, 567], [567, 566], [567, 568], [608, 611], [616, 617], [616, 621], [617, 616], [617, 618], [622, 623], [622, 640], [626, 622], [626, 627], [640, 641], [640, 654], [641, 642], [660, 663], [670, 671], [670, 707], [675, 677], [677, 679], [679, 680], [679, 681], [681, 682], [681, 683], [683, 684], [683, 685], [685, 686], [690, 670], [690, 691], [719, 723], [727, 730], [734, 735], [734, 792], [735, 738], [744, 748], [753, 754], [760, 761], [777, 734], [777, 778], [801, 802], [801, 820], [805, 807], [807, 809], [809, 810], [809, 811], [811, 812], [811, 813], [813, 814], [813, 815], [815, 816], [848, 849], [848, 854], [851, 848], [851, 852], [933, 936], [961, 962], [961, 1060], [970, 971], [972, 973], [972, 974], [977, 982], [982, 983], [984, 985], [984, 988], [993, 994], [1004, 1011], [1011, 1025], [1025, 1042], [1042, 1043], [1042, 1051], [1044, 1045], [1046, 1047], [1046, 1051], [1051, 1052], [1051, 1057]], "missing_branches": [[25, 26], [40, 41], [102, 103], [125, 126], [128, 129], [140, 139], [161, 162], [184, 173], [208, 209], [215, 216], [219, 220], [224, 204], [234, 247], [237, 238], [239, 235], [239, 240], [252, 253], [258, 278], [263, 261], [288, 289], [326, 327], [344, 345], [344, 346], [346, 347], [346, 348], [348, 349], [348, 350], [350, 351], [350, 352], [352, 353], [352, 354], [354, 355], [354, 357], [366, 367], [418, 419], [452, 453], [467, 478], [471, 475], [480, 481], [505, 506], [518, 519], [524, 525], [525, 524], [525, 526], [548, 549], [549, 548], [549, 550], [588, 589], [588, 590], [590, 591], [590, 592], [592, 593], [592, 594], [594, 595], [594, 596], [596, 597], [596, 598], [598, 599], [598, 600], [608, 609], [641, 640], [660, 661], [675, 676], [677, 678], [685, 688], [719, 720], [727, 728], [735, 736], [744, 745], [753, 777], [760, 777], [805, 806], [807, 808], [815, 818], [896, 897], [896, 899], [907, 908], [907, 925], [916, 917], [916, 918], [918, 919], [918, 920], [920, 921], [920, 923], [933, 934], [970, 977], [977, 978], [982, 991], [993, 998], [998, 999], [998, 1004], [1004, 1005], [1011, 1012], [1013, 1014], [1013, 1018], [1025, 1026], [1030, 1031], [1030, 1032], [1032, 1033], [1032, 1034], [1034, 1035], [1034, 1036], [1036, 1037], [1036, 1038], [1038, 1039], [1038, 1042], [1044, 1051], [1078, 1079], [1078, 1081], [1085, 1086], [1085, 1087], [1087, 1088], [1087, 1090]]}}}, "utils/utils_inspection.py": {"executed_lines": [], "summary": {"covered_lines": 0, "num_statements": 291, "percent_covered": 0.0, "percent_covered_display": "0.00", "missing_lines": 291, "excluded_lines": 2, "num_branches": 114, "num_partial_branches": 0, "covered_branches": 0, "missing_branches": 114}, "missing_lines": [19, 20, 21, 22, 23, 24, 27, 28, 29, 32, 33, 40, 47, 48, 50, 51, 54, 55, 56, 57, 58, 61, 63, 64, 65, 66, 69, 70, 71, 74, 75, 84, 85, 87, 94, 99, 100, 115, 116, 125, 126, 127, 135, 136, 139, 152, 153, 154, 155, 156, 157, 158, 161, 162, 165, 166, 168, 181, 186, 187, 193, 194, 203, 204, 205, 214, 215, 217, 218, 227, 232, 233, 236, 237, 239, 252, 257, 258, 259, 261, 263, 264, 265, 268, 270, 271, 290, 297, 299, 300, 301, 302, 304, 305, 306, 307, 310, 313, 314, 315, 316, 317, 320, 321, 323, 338, 348, 349, 351, 352, 353, 356, 357, 359, 361, 362, 365, 379, 380, 383, 384, 385, 389, 390, 392, 393, 394, 395, 398, 399, 400, 402, 403, 404, 405, 408, 409, 410, 412, 413, 415, 419, 420, 421, 423, 437, 438, 442, 443, 445, 448, 449, 450, 452, 453, 454, 455, 456, 458, 459, 461, 472, 475, 478, 479, 480, 482, 485, 486, 487, 488, 489, 490, 491, 492, 493, 494, 495, 498, 499, 500, 501, 502, 503, 504, 505, 508, 510, 511, 514, 516, 517, 518, 519, 520, 521, 522, 523, 526, 527, 528, 530, 533, 534, 535, 536, 537, 538, 541, 542, 543, 544, 545, 546, 547, 549, 551, 554, 555, 556, 557, 559, 561, 563, 566, 569, 570, 571, 572, 573, 574, 576, 577, 579, 580, 581, 583, 584, 585, 586, 587, 589, 590, 591, 592, 593, 595, 596, 597, 598, 599, 601, 602, 603, 606, 607, 608, 609, 610, 611, 612, 614, 615, 616, 617, 618, 620, 621, 622, 625, 626, 627, 628, 630, 637, 639, 651, 657, 663, 665, 666, 669, 670, 672, 673, 674, 677, 678, 680, 681, 682], "excluded_lines": [685, 686], "executed_branches": [], "missing_branches": [[32, 33], [32, 40], [47, 48], [47, 50], [54, 55], [54, 87], [55, 56], [55, 57], [57, 58], [57, 61], [61, 54], [61, 63], [63, 64], [63, 65], [65, 66], [65, 69], [74, 61], [74, 75], [126, 127], [126, 135], [152, 153], [152, 161], [157, 152], [157, 158], [204, 205], [204, 214], [217, 218], [217, 227], [314, 315], [314, 320], [316, 314], [316, 317], [348, 349], [348, 351], [351, 352], [351, 356], [356, 357], [356, 359], [361, 362], [361, 365], [383, 384], [383, 437], [384, 385], [384, 389], [398, 399], [398, 400], [402, 403], [402, 408], [408, 409], [408, 410], [412, 413], [412, 419], [419, 420], [419, 421], [437, 438], [437, 442], [442, 443], [442, 445], [452, 453], [452, 461], [510, 511], [510, 514], [533, 534], [533, 566], [541, 542], [541, 551], [544, 545], [544, 546], [546, 547], [546, 549], [554, 555], [554, 561], [556, 557], [556, 559], [570, 571], [570, 576], [571, 570], [571, 572], [572, 570], [572, 573], [579, 580], [579, 583], [583, 584], [583, 595], [586, 587], [586, 593], [589, 590], [589, 591], [591, 586], [591, 592], [595, 596], [595, 606], [598, 599], [598, 603], [601, 598], [601, 602], [607, 608], [607, 614], [608, 607], [608, 609], [609, 607], [609, 610], [610, 609], [610, 611], [614, 615], [614, 625], [617, 618], [617, 622], [620, 617], [620, 621], [669, 670], [669, 677], [677, -637], [677, 678]], "functions": {"discover_blueprints": {"executed_lines": [], "summary": {"covered_lines": 0, "num_statements": 22, "percent_covered": 0.0, "percent_covered_display": "0.00", "missing_lines": 22, "excluded_lines": 0, "num_branches": 16, "num_partial_branches": 0, "covered_branches": 0, "missing_branches": 16}, "missing_lines": [47, 48, 50, 51, 54, 55, 56, 57, 58, 61, 63, 64, 65, 66, 69, 70, 71, 74, 75, 84, 85, 87], "excluded_lines": [], "executed_branches": [], "missing_branches": [[47, 48], [47, 50], [54, 55], [54, 87], [55, 56], [55, 57], [57, 58], [57, 61], [61, 54], [61, 63], [63, 64], [63, 65], [65, 66], [65, 69], [74, 61], [74, 75]]}, "run_linting": {"executed_lines": [], "summary": {"covered_lines": 0, "num_statements": 22, "percent_covered": 0.0, "percent_covered_display": "0.00", "missing_lines": 22, "excluded_lines": 0, "num_branches": 6, "num_partial_branches": 0, "covered_branches": 0, "missing_branches": 6}, "missing_lines": [99, 100, 115, 116, 125, 126, 127, 135, 136, 139, 152, 153, 154, 155, 156, 157, 158, 161, 162, 165, 166, 168], "excluded_lines": [], "executed_branches": [], "missing_branches": [[126, 127], [126, 135], [152, 153], [152, 161], [157, 152], [157, 158]]}, "run_compliance": {"executed_lines": [], "summary": {"covered_lines": 0, "num_statements": 17, "percent_covered": 0.0, "percent_covered_display": "0.00", "missing_lines": 17, "excluded_lines": 0, "num_branches": 4, "num_partial_branches": 0, "covered_branches": 0, "missing_branches": 4}, "missing_lines": [186, 187, 193, 194, 203, 204, 205, 214, 215, 217, 218, 227, 232, 233, 236, 237, 239], "excluded_lines": [], "executed_branches": [], "missing_branches": [[204, 205], [204, 214], [217, 218], [217, 227]]}, "extract_doc_metadata": {"executed_lines": [], "summary": {"covered_lines": 0, "num_statements": 7, "percent_covered": 0.0, "percent_covered_display": "0.00", "missing_lines": 7, "excluded_lines": 0, "num_branches": 0, "num_partial_branches": 0, "covered_branches": 0, "missing_branches": 0}, "missing_lines": [257, 258, 259, 261, 263, 264, 265], "excluded_lines": [], "executed_branches": [], "missing_branches": []}, "_extract_metadata_manual": {"executed_lines": [], "summary": {"covered_lines": 0, "num_statements": 2, "percent_covered": 0.0, "percent_covered_display": "0.00", "missing_lines": 2, "excluded_lines": 0, "num_branches": 0, "num_partial_branches": 0, "covered_branches": 0, "missing_branches": 0}, "missing_lines": [270, 271], "excluded_lines": [], "executed_branches": [], "missing_branches": []}, "calculate_complexity": {"executed_lines": [], "summary": {"covered_lines": 0, "num_statements": 18, "percent_covered": 0.0, "percent_covered_display": "0.00", "missing_lines": 18, "excluded_lines": 0, "num_branches": 4, "num_partial_branches": 0, "covered_branches": 0, "missing_branches": 4}, "missing_lines": [297, 299, 300, 301, 302, 304, 305, 306, 307, 310, 313, 314, 315, 316, 317, 320, 321, 323], "excluded_lines": [], "executed_branches": [], "missing_branches": [[314, 315], [314, 320], [316, 314], [316, 317]]}, "inspect_all": {"executed_lines": [], "summary": {"covered_lines": 0, "num_statements": 55, "percent_covered": 0.0, "percent_covered_display": "0.00", "missing_lines": 55, "excluded_lines": 0, "num_branches": 28, "num_partial_branches": 0, "covered_branches": 0, "missing_branches": 28}, "missing_lines": [348, 349, 351, 352, 353, 356, 357, 359, 361, 362, 365, 379, 380, 383, 384, 385, 389, 390, 392, 393, 394, 395, 398, 399, 400, 402, 403, 404, 405, 408, 409, 410, 412, 413, 415, 419, 420, 421, 423, 437, 438, 442, 443, 445, 448, 449, 450, 452, 453, 454, 455, 456, 458, 459, 461], "excluded_lines": [], "executed_branches": [], "missing_branches": [[348, 349], [348, 351], [351, 352], [351, 356], [356, 357], [356, 359], [361, 362], [361, 365], [383, 384], [383, 437], [384, 385], [384, 389], [398, 399], [398, 400], [402, 403], [402, 408], [408, 409], [408, 410], [412, 413], [412, 419], [419, 420], [419, 421], [437, 438], [437, 442], [442, 443], [442, 445], [452, 453], [452, 461]]}, "generate_report": {"executed_lines": [], "summary": {"covered_lines": 0, "num_statements": 112, "percent_covered": 0.0, "percent_covered_display": "0.00", "missing_lines": 112, "excluded_lines": 0, "num_branches": 50, "num_partial_branches": 0, "covered_branches": 0, "missing_branches": 50}, "missing_lines": [475, 478, 479, 480, 482, 485, 486, 487, 488, 489, 490, 491, 492, 493, 494, 495, 498, 499, 500, 501, 502, 503, 504, 505, 508, 510, 511, 514, 516, 517, 518, 519, 520, 521, 522, 523, 526, 527, 528, 530, 533, 534, 535, 536, 537, 538, 541, 542, 543, 544, 545, 546, 547, 549, 551, 554, 555, 556, 557, 559, 561, 563, 566, 569, 570, 571, 572, 573, 574, 576, 577, 579, 580, 581, 583, 584, 585, 586, 587, 589, 590, 591, 592, 593, 595, 596, 597, 598, 599, 601, 602, 603, 606, 607, 608, 609, 610, 611, 612, 614, 615, 616, 617, 618, 620, 621, 622, 625, 626, 627, 628, 630], "excluded_lines": [], "executed_branches": [], "missing_branches": [[510, 511], [510, 514], [533, 534], [533, 566], [541, 542], [541, 551], [544, 545], [544, 546], [546, 547], [546, 549], [554, 555], [554, 561], [556, 557], [556, 559], [570, 571], [570, 576], [571, 570], [571, 572], [572, 570], [572, 573], [579, 580], [579, 583], [583, 584], [583, 595], [586, 587], [586, 593], [589, 590], [589, 591], [591, 586], [591, 592], [595, 596], [595, 606], [598, 599], [598, 603], [601, 598], [601, 602], [607, 608], [607, 614], [608, 607], [608, 609], [609, 607], [609, 610], [610, 609], [610, 611], [614, 615], [614, 625], [617, 618], [617, 622], [620, 617], [620, 621]]}, "main": {"executed_lines": [], "summary": {"covered_lines": 0, "num_statements": 16, "percent_covered": 0.0, "percent_covered_display": "0.00", "missing_lines": 16, "excluded_lines": 0, "num_branches": 4, "num_partial_branches": 0, "covered_branches": 0, "missing_branches": 4}, "missing_lines": [639, 651, 657, 663, 665, 666, 669, 670, 672, 673, 674, 677, 678, 680, 681, 682], "excluded_lines": [], "executed_branches": [], "missing_branches": [[669, 670], [669, 677], [677, -637], [677, 678]]}, "": {"executed_lines": [], "summary": {"covered_lines": 0, "num_statements": 20, "percent_covered": 0.0, "percent_covered_display": "0.00", "missing_lines": 20, "excluded_lines": 2, "num_branches": 2, "num_partial_branches": 0, "covered_branches": 0, "missing_branches": 2}, "missing_lines": [19, 20, 21, 22, 23, 24, 27, 28, 29, 32, 33, 40, 94, 181, 252, 268, 290, 338, 472, 637], "excluded_lines": [685, 686], "executed_branches": [], "missing_branches": [[32, 33], [32, 40]]}}, "classes": {"": {"executed_lines": [], "summary": {"covered_lines": 0, "num_statements": 291, "percent_covered": 0.0, "percent_covered_display": "0.00", "missing_lines": 291, "excluded_lines": 2, "num_branches": 114, "num_partial_branches": 0, "covered_branches": 0, "missing_branches": 114}, "missing_lines": [19, 20, 21, 22, 23, 24, 27, 28, 29, 32, 33, 40, 47, 48, 50, 51, 54, 55, 56, 57, 58, 61, 63, 64, 65, 66, 69, 70, 71, 74, 75, 84, 85, 87, 94, 99, 100, 115, 116, 125, 126, 127, 135, 136, 139, 152, 153, 154, 155, 156, 157, 158, 161, 162, 165, 166, 168, 181, 186, 187, 193, 194, 203, 204, 205, 214, 215, 217, 218, 227, 232, 233, 236, 237, 239, 252, 257, 258, 259, 261, 263, 264, 265, 268, 270, 271, 290, 297, 299, 300, 301, 302, 304, 305, 306, 307, 310, 313, 314, 315, 316, 317, 320, 321, 323, 338, 348, 349, 351, 352, 353, 356, 357, 359, 361, 362, 365, 379, 380, 383, 384, 385, 389, 390, 392, 393, 394, 395, 398, 399, 400, 402, 403, 404, 405, 408, 409, 410, 412, 413, 415, 419, 420, 421, 423, 437, 438, 442, 443, 445, 448, 449, 450, 452, 453, 454, 455, 456, 458, 459, 461, 472, 475, 478, 479, 480, 482, 485, 486, 487, 488, 489, 490, 491, 492, 493, 494, 495, 498, 499, 500, 501, 502, 503, 504, 505, 508, 510, 511, 514, 516, 517, 518, 519, 520, 521, 522, 523, 526, 527, 528, 530, 533, 534, 535, 536, 537, 538, 541, 542, 543, 544, 545, 546, 547, 549, 551, 554, 555, 556, 557, 559, 561, 563, 566, 569, 570, 571, 572, 573, 574, 576, 577, 579, 580, 581, 583, 584, 585, 586, 587, 589, 590, 591, 592, 593, 595, 596, 597, 598, 599, 601, 602, 603, 606, 607, 608, 609, 610, 611, 612, 614, 615, 616, 617, 618, 620, 621, 622, 625, 626, 627, 628, 630, 637, 639, 651, 657, 663, 665, 666, 669, 670, 672, 673, 674, 677, 678, 680, 681, 682], "excluded_lines": [685, 686], "executed_branches": [], "missing_branches": [[32, 33], [32, 40], [47, 48], [47, 50], [54, 55], [54, 87], [55, 56], [55, 57], [57, 58], [57, 61], [61, 54], [61, 63], [63, 64], [63, 65], [65, 66], [65, 69], [74, 61], [74, 75], [126, 127], [126, 135], [152, 153], [152, 161], [157, 152], [157, 158], [204, 205], [204, 214], [217, 218], [217, 227], [314, 315], [314, 320], [316, 314], [316, 317], [348, 349], [348, 351], [351, 352], [351, 356], [356, 357], [356, 359], [361, 362], [361, 365], [383, 384], [383, 437], [384, 385], [384, 389], [398, 399], [398, 400], [402, 403], [402, 408], [408, 409], [408, 410], [412, 413], [412, 419], [419, 420], [419, 421], [437, 438], [437, 442], [442, 443], [442, 445], [452, 453], [452, 461], [510, 511], [510, 514], [533, 534], [533, 566], [541, 542], [541, 551], [544, 545], [544, 546], [546, 547], [546, 549], [554, 555], [554, 561], [556, 557], [556, 559], [570, 571], [570, 576], [571, 570], [571, 572], [572, 570], [572, 573], [579, 580], [579, 583], [583, 584], [583, 595], [586, 587], [586, 593], [589, 590], [589, 591], [591, 586], [591, 592], [595, 596], [595, 606], [598, 599], [598, 603], [601, 598], [601, 602], [607, 608], [607, 614], [608, 607], [608, 609], [609, 607], [609, 610], [610, 609], [610, 611], [614, 615], [614, 625], [617, 618], [617, 622], [620, 617], [620, 621], [669, 670], [669, 677], [677, -637], [677, 678]]}}}}, "totals": {"covered_lines": 651, "num_statements": 2972, "percent_covered": 20.458984375, "percent_covered_display": "20.46", "missing_lines": 2321, "excluded_lines": 105, "num_branches": 1124, "num_partial_branches": 71, "covered_branches": 187, "missing_branches": 937}}